#
# A fatal error has been detected by the Java Runtime Environment:
#
#  SIGSEGV (0xb) at pc=0x000000018865b670, pid=48778, tid=64151
#
# JRE version: OpenJDK Runtime Environment (21.0.2+13) (build 21.0.2+13-58)
# Java VM: OpenJDK 64-Bit Server VM (21.0.2+13-58, mixed mode, sharing, tiered, compressed oops, compressed class ptrs, g1 gc, bsd-aarch64)
# Problematic frame:
# C  [CoreVideo+0x3670]  CVXTime::getCurrentTime(CVTimeStamp*) const+0x8c
#
# No core dump will be written. Core dumps have been disabled. To enable core dumping, try "ulimit -c unlimited" before starting Java again
#
# If you would like to submit a bug report, please visit:
#   https://bugreport.java.com/bugreport/crash.jsp
#

---------------  S U M M A R Y ------------

Command Line: -javaagent:/Applications/IntelliJ IDEA.app/Contents/lib/idea_rt.jar=49361:/Applications/IntelliJ IDEA.app/Contents/bin -Dfile.encoding=UTF-8 -Dsun.stdout.encoding=UTF-8 -Dsun.stderr.encoding=UTF-8 Lab3.main.java.CarController

Host: "MacBookPro18,3" arm64, 8 cores, 16G, Darwin 21.4.0, macOS 12.3 (21E230)
Time: Wed Feb 14 10:46:01 2024 CET elapsed time: 10115.284345 seconds (0d 2h 48m 35s)

---------------  T H R E A D  ---------------

Current thread is native thread

Stack: [0x000000016c5fc000,0x000000016c67f000],  sp=0x000000016c67edd0,  free space=523k
Native frames: (J=compiled Java code, j=interpreted, Vv=VM code, C=native code)
C  [CoreVideo+0x3670]  CVXTime::getCurrentTime(CVTimeStamp*) const+0x8c
C  [CoreVideo+0x3540]  CVDisplayLink::getCurrentTime(CVTimeStamp*)+0x3c
C  [CoreVideo+0x2f00]  CVDisplayLink::runIOThread()+0x21c
C  [libsystem_pthread.dylib+0x726c]  _pthread_start+0x94

siginfo: si_signo: 11 (SIGSEGV), si_code: 2 (SEGV_ACCERR), si_addr: 0x000079676bfae598

Registers:
 x0=0x000025bbffc6d3ac  x1=0x00001910411672f5  x2=0x00001910411672f5  x3=0x0000000fffffc088
 x4=0x0d7163000d716400  x5=0x00000000000100a8  x6=0x0000000000000000  x7=0x00000000009c2d9c
 x8=0x000079676bfae3e0  x9=0xffffffffffeebf27 x10=0x0000000146819c94 x11=0x0000000146819c98
x12=0x0000000000000100 x13=0x0000000000000100 x14=0x0000000000000000 x15=0x0d7163000d716400
x16=0x0000000180f90ec0 x17=0x00000001db2d15d8 x18=0x0000000000000000 x19=0x000000016c67ee78
x20=0x000060000000e3e0 x21=0x0000000146819c20 x22=0x0000000146819d18 x23=0x0000000000000000
x24=0x42ce000146819c20 x25=0x00000001d70e3688 x26=0x000025bbffc65bad x27=0x0000000000000003
x28=0x00000001d70e2da0  fp=0x000000016c67ede0  lr=0x000000018865b620  sp=0x000000016c67edd0
pc=0x000000018865b670 cpsr=0x0000000020001000

Top of Stack: (sp=0x000000016c67edd0)
0x000000016c67edd0:   000000016c67ee78 0000000146819c38
0x000000016c67ede0:   000000016c67ee10 d65c00018865b540
0x000000016c67edf0:   0000000146819d18 0000000146819cd8
0x000000016c67ee00:   0000000146819c38 0000000146819c20
0x000000016c67ee10:   000000016c67efc0 5e1100018865af00
0x000000016c67ee20:   016e360000000000 000025bbffc412fe
0x000000016c67ee30:   000025bbffc65bad 3ff0000000000000
0x000000016c67ee40:   0000000000000000 0000000000000000
0x000000016c67ee50:   0000000000000000 0000000000000000
0x000000016c67ee60:   0000000000000013 0000000000000000
0x000000016c67ee70:   0000000000000000 0000000000000000
0x000000016c67ee80:   0000000000000000 000025bbffc6d3ac
0x000000016c67ee90:   0000000000000000 0000000000000000
0x000000016c67eea0:   0000000000000000 0000000000000000
0x000000016c67eeb0:   0000000000000000 0000000000000000
0x000000016c67eec0:   0000000000000000 0000000000000000
0x000000016c67eed0:   0000000000000000 000056eb000001f4
0x000000016c67eee0:   ffffffff00000001 0000000000000000
0x000000016c67eef0:   0000000065cbe383 000000000002a447
0x000000016c67ef00:   000000638fd2c000 000000000271c000
0x000000016c67ef10:   000000027972c416 00000002d3892b08
0x000000016c67ef20:   000000021e6b9fc6 00000001e656fbd6
0x000000016c67ef30:   0007c36900000001 000003e300000f55
0x000000016c67ef40:   003ddb2b0066a2da 01086ac000af6f3b
0x000000016c67ef50:   0000002700cedf8e 0000001f00000004
0x000000016c67ef60:   c0c3fe7304690026 00000001886a63af
0x000000016c67ef70:   0000000000000000 0000000000000000
0x000000016c67ef80:   0000000000000000 0000000000000000
0x000000016c67ef90:   0000000000000000 0000000000000000
0x000000016c67efa0:   0000000000000000 0000000000000000
0x000000016c67efb0:   0000000000000000 000000016c67f000
0x000000016c67efc0:   000000016c67efe0 b92b800180fce26c 

Instructions: (pc=0x000000018865b670)
0x000000018865b570:   f6 57 c3 a8 ff 0f 5f d6 7f 23 03 d5 f4 4f be a9
0x000000018865b580:   fd 7b 01 a9 fd 43 00 91 f3 03 01 aa ad fc ff 97
0x000000018865b590:   20 02 00 b4 10 00 40 f9 f1 03 00 aa d1 59 e8 f2
0x000000018865b5a0:   30 1a c1 da 02 8e 4d f8 e3 03 10 aa e1 03 13 aa
0x000000018865b5b0:   fd 7b 41 a9 f4 4f c2 a8 ff 23 03 d5 d0 07 1e ca
0x000000018865b5c0:   50 00 f0 b6 20 8e 38 d4 f0 03 03 aa 30 01 f5 f2
0x000000018865b5d0:   50 08 1f d7 80 40 83 12 fd 7b 41 a9 f4 4f c2 a8
0x000000018865b5e0:   ff 0f 5f d6 7f 23 03 d5 f4 4f be a9 fd 7b 01 a9
0x000000018865b5f0:   fd 43 00 91 f3 03 01 aa f4 03 00 aa 48 54 27 90
0x000000018865b600:   08 21 1a 91 00 01 c0 3d 20 00 80 3d 00 85 40 ad
0x000000018865b610:   02 8d 41 ad 22 8c 01 ad 20 84 00 ad 56 26 01 94
0x000000018865b620:   60 0a 00 f9 88 02 40 f9 a8 00 00 b5 c0 02 00 90
0x000000018865b630:   00 f0 03 91 93 7a 00 94 60 0a 40 f9 88 2e 40 f9
0x000000018865b640:   09 01 00 cb 20 01 63 9e 00 40 61 1e 08 00 08 eb
0x000000018865b650:   01 01 63 9e 01 3c 61 1e 80 26 40 fd 08 20 60 1e
0x000000018865b660:   80 02 00 54 21 18 60 1e 21 40 65 1e 88 02 40 f9
0x000000018865b670:   09 a1 5b a9 69 12 00 f9 68 06 00 b9 82 52 40 bd
0x000000018865b680:   42 d8 61 7e 21 28 62 1e 22 01 62 9e 21 08 62 1e
0x000000018865b690:   28 00 78 9e 68 06 00 f9 81 0a 40 fd 21 d8 61 7e
0x000000018865b6a0:   00 18 61 1e 60 0e 00 fd 68 03 80 52 02 00 00 14
0x000000018865b6b0:   48 00 80 52 68 22 00 f9 fd 7b 41 a9 f4 4f c2 a8
0x000000018865b6c0:   ff 0f 5f d6 7f 23 03 d5 fd 7b bf a9 fd 03 00 91
0x000000018865b6d0:   5c fc ff 97 60 01 00 b4 10 00 40 f9 f1 03 00 aa
0x000000018865b6e0:   d1 59 e8 f2 30 1a c1 da 08 0e 49 f8 e9 03 10 aa
0x000000018865b6f0:   f1 03 09 aa 51 b8 e6 f2 11 09 3f d7 04 00 00 14
0x000000018865b700:   c8 02 00 90 08 01 2e 91 00 05 40 a9 fd 7b c1 a8
0x000000018865b710:   ff 0f 5f d6 7f 23 03 d5 ff c3 03 d1 e9 23 08 6d
0x000000018865b720:   fc 6f 09 a9 fa 67 0a a9 f8 5f 0b a9 f6 57 0c a9
0x000000018865b730:   f4 4f 0d a9 fd 7b 0e a9 fd 83 03 91 f6 03 03 aa
0x000000018865b740:   f3 03 02 aa f4 03 00 aa 39 08 40 f9 15 80 07 91
0x000000018865b750:   7a 06 80 52 5b 54 27 90 7b 23 1a 91 37 00 80 52
0x000000018865b760:   58 54 27 90 3c 54 27 f0 c8 02 00 90 08 31 47 fd 



---------------  P R O C E S S  ---------------

VM state: not at safepoint (normal execution)

VM Mutex/Monitor currently owned by a thread: None

Heap address: 0x0000000700000000, size: 4096 MB, Compressed Oops mode: Zero based, Oop shift amount: 3

CDS archive(s) mapped at: [0x0000000500000000-0x0000000500ca4000-0x0000000500ca4000), size 13254656, SharedBaseAddress: 0x0000000500000000, ArchiveRelocationMode: 1.
Compressed class space mapped at: 0x0000000501000000-0x0000000541000000, reserved size: 1073741824
Narrow klass base: 0x0000000500000000, Narrow klass shift: 0, Narrow klass range: 0x100000000

GC Precious Log:
<Skipped>

Heap:
 garbage-first heap   total 264192K, used 127668K [0x0000000700000000, 0x0000000800000000)
  region size 2048K, 60 young (122880K), 1 survivors (2048K)
 Metaspace       used 11494K, committed 11776K, reserved 1114112K
  class space    used 1264K, committed 1408K, reserved 1048576K

Heap Regions: E=young(eden), S=young(survivor), O=old, HS=humongous(starts), HC=humongous(continues), CS=collection set, F=free, TAMS=top-at-mark-start, PB=parsable bottom
|   0|0x0000000700000000, 0x0000000700200000, 0x0000000700200000|100%| O|  |TAMS 0x0000000700000000| PB 0x0000000700000000| Untracked 
|   1|0x0000000700200000, 0x0000000700400000, 0x0000000700400000|100%| O|  |TAMS 0x0000000700200000| PB 0x0000000700200000| Untracked 
|   2|0x0000000700400000, 0x00000007005a7540, 0x0000000700600000| 82%| O|  |TAMS 0x0000000700400000| PB 0x0000000700400000| Untracked 
|   3|0x0000000700600000, 0x0000000700600000, 0x0000000700800000|  0%| F|  |TAMS 0x0000000700600000| PB 0x0000000700600000| Untracked 
|   4|0x0000000700800000, 0x0000000700800000, 0x0000000700a00000|  0%| F|  |TAMS 0x0000000700800000| PB 0x0000000700800000| Untracked 
|   5|0x0000000700a00000, 0x0000000700a00000, 0x0000000700c00000|  0%| F|  |TAMS 0x0000000700a00000| PB 0x0000000700a00000| Untracked 
|   6|0x0000000700c00000, 0x0000000700c00000, 0x0000000700e00000|  0%| F|  |TAMS 0x0000000700c00000| PB 0x0000000700c00000| Untracked 
|   7|0x0000000700e00000, 0x0000000700e00000, 0x0000000701000000|  0%| F|  |TAMS 0x0000000700e00000| PB 0x0000000700e00000| Untracked 
|   8|0x0000000701000000, 0x0000000701000000, 0x0000000701200000|  0%| F|  |TAMS 0x0000000701000000| PB 0x0000000701000000| Untracked 
|   9|0x0000000701200000, 0x0000000701200000, 0x0000000701400000|  0%| F|  |TAMS 0x0000000701200000| PB 0x0000000701200000| Untracked 
|  10|0x0000000701400000, 0x0000000701400000, 0x0000000701600000|  0%| F|  |TAMS 0x0000000701400000| PB 0x0000000701400000| Untracked 
|  11|0x0000000701600000, 0x0000000701600000, 0x0000000701800000|  0%| F|  |TAMS 0x0000000701600000| PB 0x0000000701600000| Untracked 
|  12|0x0000000701800000, 0x0000000701800000, 0x0000000701a00000|  0%| F|  |TAMS 0x0000000701800000| PB 0x0000000701800000| Untracked 
|  13|0x0000000701a00000, 0x0000000701a00000, 0x0000000701c00000|  0%| F|  |TAMS 0x0000000701a00000| PB 0x0000000701a00000| Untracked 
|  14|0x0000000701c00000, 0x0000000701c00000, 0x0000000701e00000|  0%| F|  |TAMS 0x0000000701c00000| PB 0x0000000701c00000| Untracked 
|  15|0x0000000701e00000, 0x0000000701e00000, 0x0000000702000000|  0%| F|  |TAMS 0x0000000701e00000| PB 0x0000000701e00000| Untracked 
|  16|0x0000000702000000, 0x0000000702000000, 0x0000000702200000|  0%| F|  |TAMS 0x0000000702000000| PB 0x0000000702000000| Untracked 
|  17|0x0000000702200000, 0x0000000702200000, 0x0000000702400000|  0%| F|  |TAMS 0x0000000702200000| PB 0x0000000702200000| Untracked 
|  18|0x0000000702400000, 0x0000000702400000, 0x0000000702600000|  0%| F|  |TAMS 0x0000000702400000| PB 0x0000000702400000| Untracked 
|  19|0x0000000702600000, 0x0000000702600000, 0x0000000702800000|  0%| F|  |TAMS 0x0000000702600000| PB 0x0000000702600000| Untracked 
|  20|0x0000000702800000, 0x0000000702800000, 0x0000000702a00000|  0%| F|  |TAMS 0x0000000702800000| PB 0x0000000702800000| Untracked 
|  21|0x0000000702a00000, 0x0000000702a00000, 0x0000000702c00000|  0%| F|  |TAMS 0x0000000702a00000| PB 0x0000000702a00000| Untracked 
|  22|0x0000000702c00000, 0x0000000702c00000, 0x0000000702e00000|  0%| F|  |TAMS 0x0000000702c00000| PB 0x0000000702c00000| Untracked 
|  23|0x0000000702e00000, 0x0000000702e00000, 0x0000000703000000|  0%| F|  |TAMS 0x0000000702e00000| PB 0x0000000702e00000| Untracked 
|  24|0x0000000703000000, 0x0000000703000000, 0x0000000703200000|  0%| F|  |TAMS 0x0000000703000000| PB 0x0000000703000000| Untracked 
|  25|0x0000000703200000, 0x0000000703200000, 0x0000000703400000|  0%| F|  |TAMS 0x0000000703200000| PB 0x0000000703200000| Untracked 
|  26|0x0000000703400000, 0x0000000703400000, 0x0000000703600000|  0%| F|  |TAMS 0x0000000703400000| PB 0x0000000703400000| Untracked 
|  27|0x0000000703600000, 0x0000000703600000, 0x0000000703800000|  0%| F|  |TAMS 0x0000000703600000| PB 0x0000000703600000| Untracked 
|  28|0x0000000703800000, 0x0000000703800000, 0x0000000703a00000|  0%| F|  |TAMS 0x0000000703800000| PB 0x0000000703800000| Untracked 
|  29|0x0000000703a00000, 0x0000000703a00000, 0x0000000703c00000|  0%| F|  |TAMS 0x0000000703a00000| PB 0x0000000703a00000| Untracked 
|  30|0x0000000703c00000, 0x0000000703c00000, 0x0000000703e00000|  0%| F|  |TAMS 0x0000000703c00000| PB 0x0000000703c00000| Untracked 
|  31|0x0000000703e00000, 0x0000000703e00000, 0x0000000704000000|  0%| F|  |TAMS 0x0000000703e00000| PB 0x0000000703e00000| Untracked 
|  32|0x0000000704000000, 0x0000000704000000, 0x0000000704200000|  0%| F|  |TAMS 0x0000000704000000| PB 0x0000000704000000| Untracked 
|  33|0x0000000704200000, 0x0000000704200000, 0x0000000704400000|  0%| F|  |TAMS 0x0000000704200000| PB 0x0000000704200000| Untracked 
|  34|0x0000000704400000, 0x0000000704400000, 0x0000000704600000|  0%| F|  |TAMS 0x0000000704400000| PB 0x0000000704400000| Untracked 
|  35|0x0000000704600000, 0x0000000704600000, 0x0000000704800000|  0%| F|  |TAMS 0x0000000704600000| PB 0x0000000704600000| Untracked 
|  36|0x0000000704800000, 0x0000000704800000, 0x0000000704a00000|  0%| F|  |TAMS 0x0000000704800000| PB 0x0000000704800000| Untracked 
|  37|0x0000000704a00000, 0x0000000704a00000, 0x0000000704c00000|  0%| F|  |TAMS 0x0000000704a00000| PB 0x0000000704a00000| Untracked 
|  38|0x0000000704c00000, 0x0000000704c00000, 0x0000000704e00000|  0%| F|  |TAMS 0x0000000704c00000| PB 0x0000000704c00000| Untracked 
|  39|0x0000000704e00000, 0x0000000704e00000, 0x0000000705000000|  0%| F|  |TAMS 0x0000000704e00000| PB 0x0000000704e00000| Untracked 
|  40|0x0000000705000000, 0x0000000705000000, 0x0000000705200000|  0%| F|  |TAMS 0x0000000705000000| PB 0x0000000705000000| Untracked 
|  41|0x0000000705200000, 0x0000000705200000, 0x0000000705400000|  0%| F|  |TAMS 0x0000000705200000| PB 0x0000000705200000| Untracked 
|  42|0x0000000705400000, 0x0000000705400000, 0x0000000705600000|  0%| F|  |TAMS 0x0000000705400000| PB 0x0000000705400000| Untracked 
|  43|0x0000000705600000, 0x0000000705600000, 0x0000000705800000|  0%| F|  |TAMS 0x0000000705600000| PB 0x0000000705600000| Untracked 
|  44|0x0000000705800000, 0x0000000705800000, 0x0000000705a00000|  0%| F|  |TAMS 0x0000000705800000| PB 0x0000000705800000| Untracked 
|  45|0x0000000705a00000, 0x0000000705a00000, 0x0000000705c00000|  0%| F|  |TAMS 0x0000000705a00000| PB 0x0000000705a00000| Untracked 
|  46|0x0000000705c00000, 0x0000000705c00000, 0x0000000705e00000|  0%| F|  |TAMS 0x0000000705c00000| PB 0x0000000705c00000| Untracked 
|  47|0x0000000705e00000, 0x0000000705e00000, 0x0000000706000000|  0%| F|  |TAMS 0x0000000705e00000| PB 0x0000000705e00000| Untracked 
|  48|0x0000000706000000, 0x0000000706000000, 0x0000000706200000|  0%| F|  |TAMS 0x0000000706000000| PB 0x0000000706000000| Untracked 
|  49|0x0000000706200000, 0x0000000706200000, 0x0000000706400000|  0%| F|  |TAMS 0x0000000706200000| PB 0x0000000706200000| Untracked 
|  50|0x0000000706400000, 0x0000000706400000, 0x0000000706600000|  0%| F|  |TAMS 0x0000000706400000| PB 0x0000000706400000| Untracked 
|  51|0x0000000706600000, 0x0000000706602850, 0x0000000706800000|  0%| S|CS|TAMS 0x0000000706600000| PB 0x0000000706600000| Complete 
|  52|0x0000000706800000, 0x0000000706800000, 0x0000000706a00000|  0%| F|  |TAMS 0x0000000706800000| PB 0x0000000706800000| Untracked 
|  53|0x0000000706a00000, 0x0000000706a00000, 0x0000000706c00000|  0%| F|  |TAMS 0x0000000706a00000| PB 0x0000000706a00000| Untracked 
|  54|0x0000000706c00000, 0x0000000706c00000, 0x0000000706e00000|  0%| F|  |TAMS 0x0000000706c00000| PB 0x0000000706c00000| Untracked 
|  55|0x0000000706e00000, 0x0000000706e00000, 0x0000000707000000|  0%| F|  |TAMS 0x0000000706e00000| PB 0x0000000706e00000| Untracked 
|  56|0x0000000707000000, 0x0000000707000000, 0x0000000707200000|  0%| F|  |TAMS 0x0000000707000000| PB 0x0000000707000000| Untracked 
|  57|0x0000000707200000, 0x0000000707200000, 0x0000000707400000|  0%| F|  |TAMS 0x0000000707200000| PB 0x0000000707200000| Untracked 
|  58|0x0000000707400000, 0x0000000707400000, 0x0000000707600000|  0%| F|  |TAMS 0x0000000707400000| PB 0x0000000707400000| Untracked 
|  59|0x0000000707600000, 0x0000000707600000, 0x0000000707800000|  0%| F|  |TAMS 0x0000000707600000| PB 0x0000000707600000| Untracked 
|  60|0x0000000707800000, 0x0000000707800000, 0x0000000707a00000|  0%| F|  |TAMS 0x0000000707800000| PB 0x0000000707800000| Untracked 
|  61|0x0000000707a00000, 0x0000000707a00000, 0x0000000707c00000|  0%| F|  |TAMS 0x0000000707a00000| PB 0x0000000707a00000| Untracked 
|  62|0x0000000707c00000, 0x0000000707c00000, 0x0000000707e00000|  0%| F|  |TAMS 0x0000000707c00000| PB 0x0000000707c00000| Untracked 
|  63|0x0000000707e00000, 0x0000000707e00000, 0x0000000708000000|  0%| F|  |TAMS 0x0000000707e00000| PB 0x0000000707e00000| Untracked 
|  64|0x0000000708000000, 0x0000000708000000, 0x0000000708200000|  0%| F|  |TAMS 0x0000000708000000| PB 0x0000000708000000| Untracked 
|  65|0x0000000708200000, 0x0000000708200000, 0x0000000708400000|  0%| F|  |TAMS 0x0000000708200000| PB 0x0000000708200000| Untracked 
|  66|0x0000000708400000, 0x0000000708400000, 0x0000000708600000|  0%| F|  |TAMS 0x0000000708400000| PB 0x0000000708400000| Untracked 
|  67|0x0000000708600000, 0x0000000708600000, 0x0000000708800000|  0%| F|  |TAMS 0x0000000708600000| PB 0x0000000708600000| Untracked 
|  68|0x0000000708800000, 0x0000000708800000, 0x0000000708a00000|  0%| F|  |TAMS 0x0000000708800000| PB 0x0000000708800000| Untracked 
|  69|0x0000000708a00000, 0x0000000708c00000, 0x0000000708c00000|100%| E|  |TAMS 0x0000000708a00000| PB 0x0000000708a00000| Complete 
|  70|0x0000000708c00000, 0x0000000708e00000, 0x0000000708e00000|100%| E|CS|TAMS 0x0000000708c00000| PB 0x0000000708c00000| Complete 
|  71|0x0000000708e00000, 0x0000000709000000, 0x0000000709000000|100%| E|CS|TAMS 0x0000000708e00000| PB 0x0000000708e00000| Complete 
|  72|0x0000000709000000, 0x0000000709200000, 0x0000000709200000|100%| E|CS|TAMS 0x0000000709000000| PB 0x0000000709000000| Complete 
|  73|0x0000000709200000, 0x0000000709400000, 0x0000000709400000|100%| E|CS|TAMS 0x0000000709200000| PB 0x0000000709200000| Complete 
|  74|0x0000000709400000, 0x0000000709600000, 0x0000000709600000|100%| E|CS|TAMS 0x0000000709400000| PB 0x0000000709400000| Complete 
|  75|0x0000000709600000, 0x0000000709800000, 0x0000000709800000|100%| E|CS|TAMS 0x0000000709600000| PB 0x0000000709600000| Complete 
|  76|0x0000000709800000, 0x0000000709a00000, 0x0000000709a00000|100%| E|CS|TAMS 0x0000000709800000| PB 0x0000000709800000| Complete 
|  77|0x0000000709a00000, 0x0000000709c00000, 0x0000000709c00000|100%| E|CS|TAMS 0x0000000709a00000| PB 0x0000000709a00000| Complete 
|  78|0x0000000709c00000, 0x0000000709e00000, 0x0000000709e00000|100%| E|CS|TAMS 0x0000000709c00000| PB 0x0000000709c00000| Complete 
|  79|0x0000000709e00000, 0x000000070a000000, 0x000000070a000000|100%| E|CS|TAMS 0x0000000709e00000| PB 0x0000000709e00000| Complete 
|  80|0x000000070a000000, 0x000000070a200000, 0x000000070a200000|100%| E|CS|TAMS 0x000000070a000000| PB 0x000000070a000000| Complete 
|  81|0x000000070a200000, 0x000000070a400000, 0x000000070a400000|100%| E|CS|TAMS 0x000000070a200000| PB 0x000000070a200000| Complete 
|  82|0x000000070a400000, 0x000000070a600000, 0x000000070a600000|100%| E|CS|TAMS 0x000000070a400000| PB 0x000000070a400000| Complete 
|  83|0x000000070a600000, 0x000000070a800000, 0x000000070a800000|100%| E|CS|TAMS 0x000000070a600000| PB 0x000000070a600000| Complete 
|  84|0x000000070a800000, 0x000000070aa00000, 0x000000070aa00000|100%| E|CS|TAMS 0x000000070a800000| PB 0x000000070a800000| Complete 
|  85|0x000000070aa00000, 0x000000070ac00000, 0x000000070ac00000|100%| E|CS|TAMS 0x000000070aa00000| PB 0x000000070aa00000| Complete 
|  86|0x000000070ac00000, 0x000000070ae00000, 0x000000070ae00000|100%| E|CS|TAMS 0x000000070ac00000| PB 0x000000070ac00000| Complete 
|  87|0x000000070ae00000, 0x000000070b000000, 0x000000070b000000|100%| E|CS|TAMS 0x000000070ae00000| PB 0x000000070ae00000| Complete 
|  88|0x000000070b000000, 0x000000070b200000, 0x000000070b200000|100%| E|CS|TAMS 0x000000070b000000| PB 0x000000070b000000| Complete 
|  89|0x000000070b200000, 0x000000070b400000, 0x000000070b400000|100%| E|CS|TAMS 0x000000070b200000| PB 0x000000070b200000| Complete 
|  90|0x000000070b400000, 0x000000070b600000, 0x000000070b600000|100%| E|CS|TAMS 0x000000070b400000| PB 0x000000070b400000| Complete 
|  91|0x000000070b600000, 0x000000070b800000, 0x000000070b800000|100%| E|CS|TAMS 0x000000070b600000| PB 0x000000070b600000| Complete 
|  92|0x000000070b800000, 0x000000070ba00000, 0x000000070ba00000|100%| E|CS|TAMS 0x000000070b800000| PB 0x000000070b800000| Complete 
|  93|0x000000070ba00000, 0x000000070bc00000, 0x000000070bc00000|100%| E|CS|TAMS 0x000000070ba00000| PB 0x000000070ba00000| Complete 
|  94|0x000000070bc00000, 0x000000070be00000, 0x000000070be00000|100%| E|CS|TAMS 0x000000070bc00000| PB 0x000000070bc00000| Complete 
|  95|0x000000070be00000, 0x000000070c000000, 0x000000070c000000|100%| E|CS|TAMS 0x000000070be00000| PB 0x000000070be00000| Complete 
|  96|0x000000070c000000, 0x000000070c200000, 0x000000070c200000|100%| E|CS|TAMS 0x000000070c000000| PB 0x000000070c000000| Complete 
|  97|0x000000070c200000, 0x000000070c400000, 0x000000070c400000|100%| E|CS|TAMS 0x000000070c200000| PB 0x000000070c200000| Complete 
|  98|0x000000070c400000, 0x000000070c600000, 0x000000070c600000|100%| E|CS|TAMS 0x000000070c400000| PB 0x000000070c400000| Complete 
|  99|0x000000070c600000, 0x000000070c800000, 0x000000070c800000|100%| E|CS|TAMS 0x000000070c600000| PB 0x000000070c600000| Complete 
| 100|0x000000070c800000, 0x000000070ca00000, 0x000000070ca00000|100%| E|CS|TAMS 0x000000070c800000| PB 0x000000070c800000| Complete 
| 101|0x000000070ca00000, 0x000000070cc00000, 0x000000070cc00000|100%| E|CS|TAMS 0x000000070ca00000| PB 0x000000070ca00000| Complete 
| 102|0x000000070cc00000, 0x000000070ce00000, 0x000000070ce00000|100%| E|CS|TAMS 0x000000070cc00000| PB 0x000000070cc00000| Complete 
| 103|0x000000070ce00000, 0x000000070d000000, 0x000000070d000000|100%| E|CS|TAMS 0x000000070ce00000| PB 0x000000070ce00000| Complete 
| 104|0x000000070d000000, 0x000000070d200000, 0x000000070d200000|100%| E|CS|TAMS 0x000000070d000000| PB 0x000000070d000000| Complete 
| 105|0x000000070d200000, 0x000000070d400000, 0x000000070d400000|100%| E|CS|TAMS 0x000000070d200000| PB 0x000000070d200000| Complete 
| 106|0x000000070d400000, 0x000000070d600000, 0x000000070d600000|100%| E|CS|TAMS 0x000000070d400000| PB 0x000000070d400000| Complete 
| 107|0x000000070d600000, 0x000000070d800000, 0x000000070d800000|100%| E|CS|TAMS 0x000000070d600000| PB 0x000000070d600000| Complete 
| 108|0x000000070d800000, 0x000000070da00000, 0x000000070da00000|100%| E|CS|TAMS 0x000000070d800000| PB 0x000000070d800000| Complete 
| 109|0x000000070da00000, 0x000000070dc00000, 0x000000070dc00000|100%| E|CS|TAMS 0x000000070da00000| PB 0x000000070da00000| Complete 
| 110|0x000000070dc00000, 0x000000070de00000, 0x000000070de00000|100%| E|CS|TAMS 0x000000070dc00000| PB 0x000000070dc00000| Complete 
| 111|0x000000070de00000, 0x000000070e000000, 0x000000070e000000|100%| E|CS|TAMS 0x000000070de00000| PB 0x000000070de00000| Complete 
| 112|0x000000070e000000, 0x000000070e200000, 0x000000070e200000|100%| E|CS|TAMS 0x000000070e000000| PB 0x000000070e000000| Complete 
| 113|0x000000070e200000, 0x000000070e400000, 0x000000070e400000|100%| E|CS|TAMS 0x000000070e200000| PB 0x000000070e200000| Complete 
| 114|0x000000070e400000, 0x000000070e600000, 0x000000070e600000|100%| E|CS|TAMS 0x000000070e400000| PB 0x000000070e400000| Complete 
| 115|0x000000070e600000, 0x000000070e800000, 0x000000070e800000|100%| E|CS|TAMS 0x000000070e600000| PB 0x000000070e600000| Complete 
| 116|0x000000070e800000, 0x000000070ea00000, 0x000000070ea00000|100%| E|CS|TAMS 0x000000070e800000| PB 0x000000070e800000| Complete 
| 117|0x000000070ea00000, 0x000000070ec00000, 0x000000070ec00000|100%| E|CS|TAMS 0x000000070ea00000| PB 0x000000070ea00000| Complete 
| 118|0x000000070ec00000, 0x000000070ee00000, 0x000000070ee00000|100%| E|CS|TAMS 0x000000070ec00000| PB 0x000000070ec00000| Complete 
| 119|0x000000070ee00000, 0x000000070f000000, 0x000000070f000000|100%| E|CS|TAMS 0x000000070ee00000| PB 0x000000070ee00000| Complete 
| 120|0x000000070f000000, 0x000000070f200000, 0x000000070f200000|100%| E|CS|TAMS 0x000000070f000000| PB 0x000000070f000000| Complete 
| 121|0x000000070f200000, 0x000000070f400000, 0x000000070f400000|100%| E|CS|TAMS 0x000000070f200000| PB 0x000000070f200000| Complete 
| 122|0x000000070f400000, 0x000000070f600000, 0x000000070f600000|100%| E|CS|TAMS 0x000000070f400000| PB 0x000000070f400000| Complete 
| 123|0x000000070f600000, 0x000000070f800000, 0x000000070f800000|100%| E|CS|TAMS 0x000000070f600000| PB 0x000000070f600000| Complete 
| 124|0x000000070f800000, 0x000000070fa00000, 0x000000070fa00000|100%| E|CS|TAMS 0x000000070f800000| PB 0x000000070f800000| Complete 
| 125|0x000000070fa00000, 0x000000070fc00000, 0x000000070fc00000|100%| E|CS|TAMS 0x000000070fa00000| PB 0x000000070fa00000| Complete 
| 126|0x000000070fc00000, 0x000000070fe00000, 0x000000070fe00000|100%| E|CS|TAMS 0x000000070fc00000| PB 0x000000070fc00000| Complete 
| 127|0x000000070fe00000, 0x0000000710000000, 0x0000000710000000|100%| E|CS|TAMS 0x000000070fe00000| PB 0x000000070fe00000| Complete 
|2047|0x00000007ffe00000, 0x00000007fff033c0, 0x0000000800000000| 50%| O|  |TAMS 0x00000007ffe00000| PB 0x00000007ffe00000| Untracked 

Card table byte_map: [0x000000011e074000,0x000000011e874000] _byte_map_base: 0x000000011a874000

Marking Bits: (CMBitMap*) 0x0000000145843a10
 Bits: [0x000000011e874000, 0x0000000122874000)

Polling page: 0x0000000104a7c000

Metaspace:

Usage:
  Non-class:      9.99 MB used.
      Class:      1.23 MB used.
       Both:     11.23 MB used.

Virtual space:
  Non-class space:       64.00 MB reserved,      10.12 MB ( 16%) committed,  1 nodes.
      Class space:        1.00 GB reserved,       1.38 MB ( <1%) committed,  1 nodes.
             Both:        1.06 GB reserved,      11.50 MB (  1%) committed. 

Chunk freelists:
   Non-Class:  5.00 MB
       Class:  14.60 MB
        Both:  19.60 MB

MaxMetaspaceSize: unlimited
CompressedClassSpaceSize: 1.00 GB
Initial GC threshold: 21.00 MB
Current GC threshold: 21.00 MB
CDS: on
 - commit_granule_bytes: 65536.
 - commit_granule_words: 8192.
 - virtual_space_node_default_size: 8388608.
 - enlarge_chunks_in_place: 1.
 - use_allocation_guard: 0.


Internal statistics:

num_allocs_failed_limit: 0.
num_arena_births: 206.
num_arena_deaths: 0.
num_vsnodes_births: 2.
num_vsnodes_deaths: 0.
num_space_committed: 184.
num_space_uncommitted: 0.
num_chunks_returned_to_freelist: 0.
num_chunks_taken_from_freelist: 271.
num_chunk_merges: 0.
num_chunk_splits: 163.
num_chunks_enlarged: 85.
num_inconsistent_stats: 0.

CodeHeap 'non-profiled nmethods': size=120032Kb used=1578Kb max_used=1578Kb free=118454Kb
 bounds [0x0000000116b3c000, 0x0000000116dac000, 0x000000011e074000]
CodeHeap 'profiled nmethods': size=120016Kb used=4042Kb max_used=4042Kb free=115973Kb
 bounds [0x000000010f074000, 0x000000010f474000, 0x00000001165a8000]
CodeHeap 'non-nmethods': size=5712Kb used=1511Kb max_used=1572Kb free=4200Kb
 bounds [0x00000001165a8000, 0x0000000116818000, 0x0000000116b3c000]
 total_blobs=2913 nmethods=2225 adapters=596
 compilation: enabled
              stopped_count=0, restarted_count=0
 full_count=0

Compilation events (20 events):
Event: 1956.855 Thread 0x000000012780b800 2216       3       java.util.concurrent.locks.AbstractQueuedSynchronizer::acquire (20 bytes)
Event: 1956.870 Thread 0x000000012780b800 nmethod 2216 0x000000010f45e310 code [0x000000010f45e4c0, 0x000000010f45e780]
Event: 2650.571 Thread 0x00000001458b4200 2217 %     4       java.awt.EventDispatchThread::pumpEventsForFilter @ 10 (47 bytes)
Event: 2650.620 Thread 0x00000001458b4200 nmethod 2217% 0x0000000116cbec90 code [0x0000000116cbee40, 0x0000000116cbf038]
Event: 2737.569 Thread 0x00000001458b4200 2218 %s!   4       sun.java2d.metal.MTLRenderQueue$QueueFlusher::run @ 2 (234 bytes)
Event: 2737.629 Thread 0x00000001458b4200 nmethod 2218% 0x0000000116cbf190 code [0x0000000116cbf540, 0x0000000116cc0b20]
Event: 3263.666 Thread 0x000000012780b800 2219 % !   3       javax.swing.TimerQueue::run @ 9 (202 bytes)
Event: 3263.688 Thread 0x000000012780b800 nmethod 2219% 0x000000010f45e890 code [0x000000010f45ec80, 0x000000010f460098]
Event: 3318.132 Thread 0x000000012780b800 2220   !   3       javax.swing.TimerQueue::run (202 bytes)
Event: 3318.134 Thread 0x000000012780b800 nmethod 2220 0x000000010f460a10 code [0x000000010f460e00, 0x000000010f462100]
Event: 3676.017 Thread 0x000000012780b800 2221 %s!   3       sun.java2d.metal.MTLRenderQueue$QueueFlusher::run @ 2 (234 bytes)
Event: 3676.049 Thread 0x000000012780b800 nmethod 2221% 0x000000010f462a10 code [0x000000010f462fc0, 0x000000010f465398]
Event: 4935.615 Thread 0x00000001458b4200 2222 %s!   4       sun.java2d.metal.MTLRenderQueue$QueueFlusher::run @ 2 (234 bytes)
Event: 4935.856 Thread 0x00000001458b4200 nmethod 2222% 0x0000000116cc1790 code [0x0000000116cc1bc0, 0x0000000116cc35b8]
Event: 5452.756 Thread 0x00000001458b4200 2223 % !   4       javax.swing.TimerQueue::run @ 9 (202 bytes)
Event: 5452.824 Thread 0x00000001458b4200 nmethod 2223% 0x0000000116cc4690 code [0x0000000116cc49c0, 0x0000000116cc58a0]
Event: 7971.549 Thread 0x00000001458b4200 2224       4       java.lang.Thread::interrupted (7 bytes)
Event: 7971.570 Thread 0x00000001458b4200 nmethod 2224 0x0000000116cc6510 code [0x0000000116cc6680, 0x0000000116cc6728]
Event: 8691.603 Thread 0x000000012780b800 2225       3       java.lang.ref.ReferenceQueue::remove0 (64 bytes)
Event: 8691.614 Thread 0x000000012780b800 nmethod 2225 0x000000010f466190 code [0x000000010f4663c0, 0x000000010f466880]

GC Heap History (20 events):
Event: 50.828 GC heap before
{Heap before GC invocations=0 (full 0):
 garbage-first heap   total 264192K, used 23564K [0x0000000700000000, 0x0000000800000000)
  region size 2048K, 11 young (22528K), 0 survivors (0K)
 Metaspace       used 11480K, committed 11776K, reserved 1114112K
  class space    used 1264K, committed 1408K, reserved 1048576K
}
Event: 50.869 GC heap after
{Heap after GC invocations=1 (full 0):
 garbage-first heap   total 264192K, used 6806K [0x0000000700000000, 0x0000000800000000)
  region size 2048K, 2 young (4096K), 2 survivors (4096K)
 Metaspace       used 11480K, committed 11776K, reserved 1114112K
  class space    used 1264K, committed 1408K, reserved 1048576K
}
Event: 332.381 GC heap before
{Heap before GC invocations=1 (full 0):
 garbage-first heap   total 264192K, used 33430K [0x0000000700000000, 0x0000000800000000)
  region size 2048K, 15 young (30720K), 2 survivors (4096K)
 Metaspace       used 11484K, committed 11776K, reserved 1114112K
  class space    used 1264K, committed 1408K, reserved 1048576K
}
Event: 332.398 GC heap after
{Heap after GC invocations=2 (full 0):
 garbage-first heap   total 264192K, used 7281K [0x0000000700000000, 0x0000000800000000)
  region size 2048K, 1 young (2048K), 1 survivors (2048K)
 Metaspace       used 11484K, committed 11776K, reserved 1114112K
  class space    used 1264K, committed 1408K, reserved 1048576K
}
Event: 2284.377 GC heap before
{Heap before GC invocations=2 (full 0):
 garbage-first heap   total 264192K, used 160881K [0x0000000700000000, 0x0000000800000000)
  region size 2048K, 76 young (155648K), 1 survivors (2048K)
 Metaspace       used 11492K, committed 11776K, reserved 1114112K
  class space    used 1264K, committed 1408K, reserved 1048576K
}
Event: 2284.402 GC heap after
{Heap after GC invocations=3 (full 0):
 garbage-first heap   total 264192K, used 6940K [0x0000000700000000, 0x0000000800000000)
  region size 2048K, 1 young (2048K), 1 survivors (2048K)
 Metaspace       used 11492K, committed 11776K, reserved 1114112K
  class space    used 1264K, committed 1408K, reserved 1048576K
}
Event: 2397.151 GC heap before
{Heap before GC invocations=3 (full 0):
 garbage-first heap   total 264192K, used 17180K [0x0000000700000000, 0x0000000800000000)
  region size 2048K, 6 young (12288K), 1 survivors (2048K)
 Metaspace       used 11492K, committed 11776K, reserved 1114112K
  class space    used 1264K, committed 1408K, reserved 1048576K
}
Event: 2397.155 GC heap after
{Heap after GC invocations=4 (full 0):
 garbage-first heap   total 264192K, used 6855K [0x0000000700000000, 0x0000000800000000)
  region size 2048K, 1 young (2048K), 1 survivors (2048K)
 Metaspace       used 11492K, committed 11776K, reserved 1114112K
  class space    used 1264K, committed 1408K, reserved 1048576K
}
Event: 2524.334 GC heap before
{Heap before GC invocations=4 (full 0):
 garbage-first heap   total 264192K, used 17095K [0x0000000700000000, 0x0000000800000000)
  region size 2048K, 6 young (12288K), 1 survivors (2048K)
 Metaspace       used 11492K, committed 11776K, reserved 1114112K
  class space    used 1264K, committed 1408K, reserved 1048576K
}
Event: 2524.337 GC heap after
{Heap after GC invocations=5 (full 0):
 garbage-first heap   total 264192K, used 6840K [0x0000000700000000, 0x0000000800000000)
  region size 2048K, 1 young (2048K), 1 survivors (2048K)
 Metaspace       used 11492K, committed 11776K, reserved 1114112K
  class space    used 1264K, committed 1408K, reserved 1048576K
}
Event: 2651.492 GC heap before
{Heap before GC invocations=5 (full 0):
 garbage-first heap   total 264192K, used 17080K [0x0000000700000000, 0x0000000800000000)
  region size 2048K, 6 young (12288K), 1 survivors (2048K)
 Metaspace       used 11492K, committed 11776K, reserved 1114112K
  class space    used 1264K, committed 1408K, reserved 1048576K
}
Event: 2651.496 GC heap after
{Heap after GC invocations=6 (full 0):
 garbage-first heap   total 264192K, used 6838K [0x0000000700000000, 0x0000000800000000)
  region size 2048K, 1 young (2048K), 1 survivors (2048K)
 Metaspace       used 11492K, committed 11776K, reserved 1114112K
  class space    used 1264K, committed 1408K, reserved 1048576K
}
Event: 2828.640 GC heap before
{Heap before GC invocations=6 (full 0):
 garbage-first heap   total 264192K, used 21174K [0x0000000700000000, 0x0000000800000000)
  region size 2048K, 8 young (16384K), 1 survivors (2048K)
 Metaspace       used 11492K, committed 11776K, reserved 1114112K
  class space    used 1264K, committed 1408K, reserved 1048576K
}
Event: 2828.643 GC heap after
{Heap after GC invocations=7 (full 0):
 garbage-first heap   total 264192K, used 6840K [0x0000000700000000, 0x0000000800000000)
  region size 2048K, 1 young (2048K), 1 survivors (2048K)
 Metaspace       used 11492K, committed 11776K, reserved 1114112K
  class space    used 1264K, committed 1408K, reserved 1048576K
}
Event: 4745.153 GC heap before
{Heap before GC invocations=7 (full 0):
 garbage-first heap   total 264192K, used 160440K [0x0000000700000000, 0x0000000800000000)
  region size 2048K, 76 young (155648K), 1 survivors (2048K)
 Metaspace       used 11494K, committed 11776K, reserved 1114112K
  class space    used 1264K, committed 1408K, reserved 1048576K
}
Event: 4745.180 GC heap after
{Heap after GC invocations=8 (full 0):
 garbage-first heap   total 264192K, used 6838K [0x0000000700000000, 0x0000000800000000)
  region size 2048K, 1 young (2048K), 1 survivors (2048K)
 Metaspace       used 11494K, committed 11776K, reserved 1114112K
  class space    used 1264K, committed 1408K, reserved 1048576K
}
Event: 6670.538 GC heap before
{Heap before GC invocations=8 (full 0):
 garbage-first heap   total 264192K, used 160438K [0x0000000700000000, 0x0000000800000000)
  region size 2048K, 76 young (155648K), 1 survivors (2048K)
 Metaspace       used 11494K, committed 11776K, reserved 1114112K
  class space    used 1264K, committed 1408K, reserved 1048576K
}
Event: 6670.566 GC heap after
{Heap after GC invocations=9 (full 0):
 garbage-first heap   total 264192K, used 6840K [0x0000000700000000, 0x0000000800000000)
  region size 2048K, 1 young (2048K), 1 survivors (2048K)
 Metaspace       used 11494K, committed 11776K, reserved 1114112K
  class space    used 1264K, committed 1408K, reserved 1048576K
}
Event: 8598.802 GC heap before
{Heap before GC invocations=9 (full 0):
 garbage-first heap   total 264192K, used 160440K [0x0000000700000000, 0x0000000800000000)
  region size 2048K, 76 young (155648K), 1 survivors (2048K)
 Metaspace       used 11494K, committed 11776K, reserved 1114112K
  class space    used 1264K, committed 1408K, reserved 1048576K
}
Event: 8598.830 GC heap after
{Heap after GC invocations=10 (full 0):
 garbage-first heap   total 264192K, used 6836K [0x0000000700000000, 0x0000000800000000)
  region size 2048K, 1 young (2048K), 1 survivors (2048K)
 Metaspace       used 11494K, committed 11776K, reserved 1114112K
  class space    used 1264K, committed 1408K, reserved 1048576K
}

Dll operation events (14 events):
Event: 0.042 Loaded shared library /Users/ziggesommar/Library/Java/JavaVirtualMachines/openjdk-21.0.2/Contents/Home/lib/libjava.dylib
Event: 0.111 Loaded shared library /Users/ziggesommar/Library/Java/JavaVirtualMachines/openjdk-21.0.2/Contents/Home/lib/libzip.dylib
Event: 0.114 Loaded shared library /Users/ziggesommar/Library/Java/JavaVirtualMachines/openjdk-21.0.2/Contents/Home/lib/libinstrument.dylib
Event: 0.115 Loaded shared library /Users/ziggesommar/Library/Java/JavaVirtualMachines/openjdk-21.0.2/Contents/Home/lib/libnio.dylib
Event: 0.117 Loaded shared library /Users/ziggesommar/Library/Java/JavaVirtualMachines/openjdk-21.0.2/Contents/Home/lib/libzip.dylib
Event: 0.126 Loaded shared library /Users/ziggesommar/Library/Java/JavaVirtualMachines/openjdk-21.0.2/Contents/Home/lib/libnet.dylib
Event: 0.141 Loaded shared library /Users/ziggesommar/Library/Java/JavaVirtualMachines/openjdk-21.0.2/Contents/Home/lib/libextnet.dylib
Event: 0.141 Loaded shared library /Users/ziggesommar/Library/Java/JavaVirtualMachines/openjdk-21.0.2/Contents/Home/lib/libjimage.dylib
Event: 0.212 Loaded shared library /Users/ziggesommar/Library/Java/JavaVirtualMachines/openjdk-21.0.2/Contents/Home/lib/libawt.dylib
Event: 0.303 Loaded shared library /Users/ziggesommar/Library/Java/JavaVirtualMachines/openjdk-21.0.2/Contents/Home/lib/libawt_lwawt.dylib
Event: 0.437 Loaded shared library /Users/ziggesommar/Library/Java/JavaVirtualMachines/openjdk-21.0.2/Contents/Home/lib/libfontmanager.dylib
Event: 0.950 Loaded shared library /Users/ziggesommar/Library/Java/JavaVirtualMachines/openjdk-21.0.2/Contents/Home/lib/libosxui.dylib
Event: 4.734 Loaded shared library /Users/ziggesommar/Library/Java/JavaVirtualMachines/openjdk-21.0.2/Contents/Home/lib/libjavajpeg.dylib
Event: 4.791 Loaded shared library /Users/ziggesommar/Library/Java/JavaVirtualMachines/openjdk-21.0.2/Contents/Home/lib/liblcms.dylib

Deoptimization events (20 events):
Event: 77.734 Thread 0x0000000147939200 Uncommon trap: trap_request=0xffffff6e fr.pc=0x0000000116c35b34 relative=0x00000000000002f4
Event: 77.734 Thread 0x0000000147939200 Uncommon trap: reason=loop_limit_check action=maybe_recompile pc=0x0000000116c35b34 method=java.awt.EventDispatchThread.filterAndCheckEvent(Ljava/awt/AWTEvent;)Z @ 22 c2
Event: 77.734 Thread 0x0000000147939200 DEOPT PACKING pc=0x0000000116c35b34 sp=0x00000002e9a12740
Event: 77.734 Thread 0x0000000147939200 DEOPT UNPACKING pc=0x00000001165eb01c sp=0x00000002e9a126c0 mode 2
Event: 332.399 Thread 0x0000000147939200 Uncommon trap: trap_request=0xfffffff4 fr.pc=0x0000000116c003c0 relative=0x0000000000002340
Event: 332.399 Thread 0x0000000147939200 Uncommon trap: reason=null_check action=make_not_entrant pc=0x0000000116c003c0 method=sun.java2d.pipe.BufferedContext.validate(Lsun/java2d/pipe/hw/AccelSurface;Lsun/java2d/pipe/hw/AccelSurface;Lsun/java2d/pipe/Region;Ljava/awt/Composite;Ljava/awt/geom/Aff
Event: 332.399 Thread 0x0000000147939200 DEOPT PACKING pc=0x0000000116c003c0 sp=0x00000002e9a123c0
Event: 332.399 Thread 0x0000000147939200 DEOPT UNPACKING pc=0x00000001165eb01c sp=0x00000002e9a12320 mode 2
Event: 2869.424 Thread 0x0000000147939200 DEOPT PACKING pc=0x000000010f456938 sp=0x00000002e9a127f0
Event: 2869.425 Thread 0x0000000147939200 DEOPT UNPACKING pc=0x00000001165eae7c sp=0x00000002e9a12510 mode 0
Event: 2956.361 Thread 0x000000012784f400 DEOPT PACKING pc=0x000000010f45994c sp=0x000000016e0b28a0
Event: 2956.361 Thread 0x000000012784f400 DEOPT UNPACKING pc=0x00000001165eae7c sp=0x000000016e0b25f0 mode 0
Event: 3648.831 Thread 0x000000012784f400 Uncommon trap: trap_request=0xffffff45 fr.pc=0x0000000116cbf7f4 relative=0x00000000000002b4
Event: 3648.833 Thread 0x000000012784f400 Uncommon trap: reason=unstable_if action=reinterpret pc=0x0000000116cbf7f4 method=sun.java2d.metal.MTLRenderQueue$QueueFlusher.run()V @ 22 c2
Event: 3648.833 Thread 0x000000012784f400 DEOPT PACKING pc=0x0000000116cbf7f4 sp=0x000000016e0b2950
Event: 3648.833 Thread 0x000000012784f400 DEOPT UNPACKING pc=0x00000001165eb01c sp=0x000000016e0b28e0 mode 2
Event: 5154.708 Thread 0x000000012784f400 DEOPT PACKING pc=0x000000010f464e6c sp=0x000000016e0b28a0
Event: 5154.708 Thread 0x000000012784f400 DEOPT UNPACKING pc=0x00000001165eae7c sp=0x000000016e0b25f0 mode 0
Event: 5890.385 Thread 0x0000000147a22c00 DEOPT PACKING pc=0x000000010f45fd2c sp=0x00000002eb93e8e0
Event: 5890.385 Thread 0x0000000147a22c00 DEOPT UNPACKING pc=0x00000001165eae7c sp=0x00000002eb93e5d0 mode 0

Classes loaded (20 events):
Event: 21.068 Loading class java/text/ParsePosition
Event: 21.069 Loading class java/text/ParsePosition done
Event: 21.736 Loading class java/text/ParseException
Event: 21.737 Loading class java/text/ParseException done
Event: 23.504 Loading class javax/swing/JFormattedTextField$FocusLostHandler
Event: 23.504 Loading class javax/swing/JFormattedTextField$FocusLostHandler done
Event: 27.979 Loading class java/security/DomainCombiner
Event: 27.979 Loading class java/security/DomainCombiner done
Event: 38.450 Loading class java/awt/Canvas
Event: 38.451 Loading class java/awt/Canvas done
Event: 38.452 Loading class java/awt/Scrollbar
Event: 38.452 Loading class java/awt/Adjustable
Event: 38.452 Loading class java/awt/Adjustable done
Event: 38.452 Loading class java/awt/Scrollbar done
Event: 40.373 Loading class javax/swing/JMenu
Event: 40.374 Loading class javax/swing/MenuElement
Event: 40.374 Loading class javax/swing/MenuElement done
Event: 40.374 Loading class javax/swing/JMenuItem
Event: 40.374 Loading class javax/swing/JMenuItem done
Event: 40.374 Loading class javax/swing/JMenu done

Classes unloaded (0 events):
No events

Classes redefined (0 events):
No events

Internal exceptions (20 events):
Event: 0.332 Thread 0x000000014580e600 Exception <a 'java/lang/ClassNotFoundException'{0x000000070fdc8c38}: sun/awt/resources/spi/awtosxProvider> (0x000000070fdc8c38) 
thrown [open/src/hotspot/share/classfile/systemDictionary.cpp, line 312]
Event: 0.919 Thread 0x000000014580e600 Exception <a 'java/lang/NoSuchMethodError'{0x000000070faeb518}: 'void java.lang.invoke.DirectMethodHandle$Holder.invokeSpecial(java.lang.Object, java.lang.Object, java.lang.Object)'> (0x000000070faeb518) 
thrown [open/src/hotspot/share/interpreter/linkResolver.cpp, line 773]
Event: 0.954 Thread 0x000000014580e600 Exception <a 'java/lang/NoSuchMethodError'{0x000000070fafdde8}: 'void java.lang.invoke.DirectMethodHandle$Holder.invokeStaticInit(java.lang.Object)'> (0x000000070fafdde8) 
thrown [open/src/hotspot/share/interpreter/linkResolver.cpp, line 773]
Event: 0.983 Thread 0x000000014580e600 Exception <a 'java/lang/NoSuchMethodError'{0x000000070fb20c88}: 'java.lang.Object java.lang.invoke.DirectMethodHandle$Holder.newInvokeSpecial(java.lang.Object, java.lang.Object, java.lang.Object, java.lang.Object, java.lang.Object)'> (0x000000070fb20c88) 
thrown [open/src/hotspot/share/interpreter/linkResolver.cpp, line 773]
Event: 0.985 Thread 0x000000014580e600 Exception <a 'java/lang/NoSuchMethodError'{0x000000070fb4c540}: 'java.lang.Object java.lang.invoke.DirectMethodHandle$Holder.invokeStatic(java.lang.Object, int, java.lang.Object)'> (0x000000070fb4c540) 
thrown [open/src/hotspot/share/interpreter/linkResolver.cpp, line 773]
Event: 0.987 Thread 0x000000014580e600 Exception <a 'java/lang/ClassNotFoundException'{0x000000070fb79318}: com/apple/laf/resources/spi/aquaProvider> (0x000000070fb79318) 
thrown [open/src/hotspot/share/classfile/systemDictionary.cpp, line 312]
Event: 1.000 Thread 0x000000014580e600 Exception <a 'java/lang/ClassNotFoundException'{0x000000070fbdcc60}: com/sun/swing/internal/plaf/basic/resources/spi/basicProvider> (0x000000070fbdcc60) 
thrown [open/src/hotspot/share/classfile/systemDictionary.cpp, line 312]
Event: 1.008 Thread 0x000000014580e600 Exception <a 'java/lang/NoSuchMethodError'{0x000000070fbfc8a8}: 'int java.lang.invoke.Invokers$Holder.invokeExact_MT(java.lang.Object, java.lang.Object)'> (0x000000070fbfc8a8) 
thrown [open/src/hotspot/share/interpreter/linkResolver.cpp, line 773]
Event: 4.826 Thread 0x000000014580e600 Exception <a 'java/lang/NoSuchMethodError'{0x000000070f400a40}: 'void java.lang.invoke.Invokers$Holder.invokeExact_MT(java.lang.Object, java.lang.Object, java.lang.Object, java.lang.Object)'> (0x000000070f400a40) 
thrown [open/src/hotspot/share/interpreter/linkResolver.cpp, line 773]
Event: 4.831 Thread 0x000000014580e600 Exception <a 'java/lang/NoSuchMethodError'{0x000000070f40f040}: 'java.lang.Object java.lang.invoke.DirectMethodHandle$Holder.newInvokeSpecial(java.lang.Object, java.lang.Object, java.lang.Object, int, java.lang.Object)'> (0x000000070f40f040) 
thrown [open/src/hotspot/share/interpreter/linkResolver.cpp, line 773]
Event: 4.831 Thread 0x000000014580e600 Exception <a 'java/lang/NoSuchMethodError'{0x000000070f416438}: 'java.lang.Object java.lang.invoke.Invokers$Holder.linkToTargetMethod(java.lang.Object, java.lang.Object, int, java.lang.Object, java.lang.Object)'> (0x000000070f416438) 
thrown [open/src/hotspot/share/interpreter/linkResolver.cpp, line 773]
Event: 4.894 Thread 0x000000014580e600 Exception <a 'java/lang/NoSuchMethodError'{0x000000070f41a3b0}: 'void java.lang.invoke.DirectMethodHandle$Holder.invokeStatic(java.lang.Object, int, long)'> (0x000000070f41a3b0) 
thrown [open/src/hotspot/share/interpreter/linkResolver.cpp, line 773]
Event: 4.896 Thread 0x0000000147939200 Exception <a 'java/lang/NoSuchMethodError'{0x000000070f6e3930}: 'void java.lang.invoke.DirectMethodHandle$Holder.invokeStatic(java.lang.Object, long)'> (0x000000070f6e3930) 
thrown [open/src/hotspot/share/interpreter/linkResolver.cpp, line 773]
Event: 4.912 Thread 0x000000014580e600 Exception <a 'java/lang/NoSuchMethodError'{0x000000070f43a1e0}: 'java.lang.Object java.lang.invoke.Invokers$Holder.linkToTargetMethod(int, int, int, int, java.lang.Object)'> (0x000000070f43a1e0) 
thrown [open/src/hotspot/share/interpreter/linkResolver.cpp, line 773]
Event: 4.912 Thread 0x000000014580e600 Exception <a 'java/lang/NoSuchMethodError'{0x000000070f43d810}: 'void java.lang.invoke.DirectMethodHandle$Holder.invokeStatic(java.lang.Object, java.lang.Object, long)'> (0x000000070f43d810) 
thrown [open/src/hotspot/share/interpreter/linkResolver.cpp, line 773]
Event: 4.923 Thread 0x0000000147936800 Exception <a 'java/lang/NoSuchMethodError'{0x000000070fa3a0c0}: 'void java.lang.invoke.DirectMethodHandle$Holder.invokeSpecial(java.lang.Object, java.lang.Object, long)'> (0x000000070fa3a0c0) 
thrown [open/src/hotspot/share/interpreter/linkResolver.cpp, line 773]
Event: 4.953 Thread 0x000000014580e600 Exception <a 'java/lang/NoSuchMethodError'{0x000000070f454b60}: 'void java.lang.invoke.DirectMethodHandle$Holder.invokeStatic(java.lang.Object, long, long)'> (0x000000070f454b60) 
thrown [open/src/hotspot/share/interpreter/linkResolver.cpp, line 773]
Event: 4.953 Thread 0x000000014580e600 Exception <a 'java/lang/NoSuchMethodError'{0x000000070f459910}: 'java.lang.Object java.lang.invoke.DirectMethodHandle$Holder.newInvokeSpecial(java.lang.Object, long)'> (0x000000070f459910) 
thrown [open/src/hotspot/share/interpreter/linkResolver.cpp, line 773]
Event: 4.954 Thread 0x000000014580e600 Exception <a 'java/lang/NoSuchMethodError'{0x000000070f462c48}: 'java.lang.Object java.lang.invoke.DirectMethodHandle$Holder.newInvokeSpecial(java.lang.Object, java.lang.Object, int)'> (0x000000070f462c48) 
thrown [open/src/hotspot/share/interpreter/linkResolver.cpp, line 773]
Event: 332.399 Thread 0x0000000147939200 Implicit null exception at 0x0000000116bfe5c8 to 0x0000000116c003a0

ZGC Phase Switch (0 events):
No events

VM Operations (20 events):
Event: 2651.492 Executing VM operation: G1CollectForAllocation (G1 Evacuation Pause)
Event: 2651.496 Executing VM operation: G1CollectForAllocation (G1 Evacuation Pause) done
Event: 2828.640 Executing VM operation: G1CollectForAllocation (G1 Evacuation Pause)
Event: 2828.643 Executing VM operation: G1CollectForAllocation (G1 Evacuation Pause) done
Event: 3004.836 Executing VM operation: HandshakeAllThreads (HandshakeForDeflation)
Event: 3004.838 Executing VM operation: HandshakeAllThreads (HandshakeForDeflation) done
Event: 3004.838 Executing VM operation: RendezvousGCThreads
Event: 3004.838 Executing VM operation: RendezvousGCThreads done
Event: 4507.066 Executing VM operation: HandshakeAllThreads (HandshakeForDeflation)
Event: 4507.068 Executing VM operation: HandshakeAllThreads (HandshakeForDeflation) done
Event: 4507.068 Executing VM operation: RendezvousGCThreads
Event: 4507.068 Executing VM operation: RendezvousGCThreads done
Event: 4745.152 Executing VM operation: G1CollectForAllocation (G1 Evacuation Pause)
Event: 4745.180 Executing VM operation: G1CollectForAllocation (G1 Evacuation Pause) done
Event: 6670.534 Executing VM operation: G1CollectForAllocation (G1 Evacuation Pause)
Event: 6670.566 Executing VM operation: G1CollectForAllocation (G1 Evacuation Pause) done
Event: 8598.795 Executing VM operation: G1CollectForAllocation (G1 Evacuation Pause)
Event: 8598.830 Executing VM operation: G1CollectForAllocation (G1 Evacuation Pause) done
Event: 8812.581 Executing VM operation: Cleanup
Event: 8812.582 Executing VM operation: Cleanup done

Events (20 events):
Event: 0.125 Thread 0x000000014700f400 Thread added: 0x000000014700f400
Event: 0.125 Protecting memory [0x000000016d774000,0x000000016d780000] with protection modes 0
Event: 0.125 Thread 0x000000014780fe00 Thread added: 0x000000014780fe00
Event: 0.125 Protecting memory [0x000000016d980000,0x000000016d98c000] with protection modes 0
Event: 0.442 Protecting memory [0x000000016ad14000,0x000000016ad20000] with protection modes 0
Event: 0.442 Thread 0x0000000147936800 Thread added: 0x0000000147936800
Event: 0.566 Thread 0x0000000134808600 Thread added: 0x0000000134808600
Event: 0.566 Protecting memory [0x000000016db8c000,0x000000016db98000] with protection modes 0
Event: 0.898 Thread 0x000000012784f400 Thread added: 0x000000012784f400
Event: 0.898 Protecting memory [0x000000016deb0000,0x000000016debc000] with protection modes 0
Event: 0.905 Thread 0x0000000147009800 Thread added: 0x0000000147009800
Event: 0.905 Protecting memory [0x000000016e0bc000,0x000000016e0c8000] with protection modes 0
Event: 4.598 Thread 0x0000000147939200 Thread added: 0x0000000147939200
Event: 4.598 Protecting memory [0x00000002e9810000,0x00000002e981c000] with protection modes 0
Event: 4.959 Thread 0x0000000147a22c00 Thread added: 0x0000000147a22c00
Event: 4.959 Protecting memory [0x00000002eb73c000,0x00000002eb748000] with protection modes 0
Event: 4.959 Protecting memory [0x000000016b59c000,0x000000016b5a8000] with protection modes 3
Event: 4.959 Thread 0x000000014580e600 Thread exited: 0x000000014580e600
Event: 4.959 Protecting memory [0x000000016b59c000,0x000000016b5a8000] with protection modes 0
Event: 4.959 Thread 0x0000000147994000 Thread added: 0x0000000147994000


Dynamic libraries:
0x0000000104a2c000 	/Users/ziggesommar/Library/Java/JavaVirtualMachines/openjdk-21.0.2/Contents/Home/lib/libjli.dylib
0x000000019796a000 	/System/Library/Frameworks/Cocoa.framework/Versions/A/Cocoa
0x0000000183bb6000 	/System/Library/Frameworks/AppKit.framework/Versions/C/AppKit
0x00000001870bc000 	/System/Library/Frameworks/CoreData.framework/Versions/A/CoreData
0x0000000181f11000 	/System/Library/Frameworks/Foundation.framework/Versions/C/Foundation
0x000000018bb13000 	/usr/lib/libSystem.B.dylib
0x0000000184a6e000 	/System/Library/PrivateFrameworks/UIFoundation.framework/Versions/A/UIFoundation
0x0000000191b4b000 	/System/Library/PrivateFrameworks/RemoteViewServices.framework/Versions/A/RemoteViewServices
0x0000000189fd1000 	/System/Library/PrivateFrameworks/XCTTargetBootstrap.framework/Versions/A/XCTTargetBootstrap
0x000000018d84f000 	/System/Library/PrivateFrameworks/InternationalSupport.framework/Versions/A/InternationalSupport
0x000000018d8d8000 	/System/Library/PrivateFrameworks/UserActivity.framework/Versions/A/UserActivity
0x000000018cd4a000 	/usr/lib/libspindump.dylib
0x0000000184cdf000 	/System/Library/Frameworks/UniformTypeIdentifiers.framework/Versions/A/UniformTypeIdentifiers
0x000000018851c000 	/usr/lib/libapp_launch_measurement.dylib
0x0000000187a46000 	/System/Library/PrivateFrameworks/CoreAnalytics.framework/Versions/A/CoreAnalytics
0x000000018851f000 	/System/Library/PrivateFrameworks/CoreAutoLayout.framework/Versions/A/CoreAutoLayout
0x00000001898c2000 	/System/Library/Frameworks/Metal.framework/Versions/A/Metal
0x000000018a639000 	/usr/lib/liblangid.dylib
0x0000000189fd6000 	/System/Library/PrivateFrameworks/CoreSVG.framework/Versions/A/CoreSVG
0x0000000186170000 	/System/Library/PrivateFrameworks/SkyLight.framework/Versions/A/SkyLight
0x0000000186545000 	/System/Library/Frameworks/CoreGraphics.framework/Versions/A/CoreGraphics
0x0000000192217000 	/System/Library/Frameworks/Accelerate.framework/Versions/A/Accelerate
0x000000018c7c1000 	/System/Library/PrivateFrameworks/IconServices.framework/Versions/A/IconServices
0x00000001898a4000 	/System/Library/Frameworks/IOSurface.framework/Versions/A/IOSurface
0x0000000187a77000 	/usr/lib/libDiagnosticMessagesClient.dylib
0x000000018ba5c000 	/usr/lib/libz.1.dylib
0x0000000195718000 	/System/Library/Frameworks/ApplicationServices.framework/Versions/A/ApplicationServices
0x0000000189fb9000 	/System/Library/PrivateFrameworks/DFRFoundation.framework/Versions/A/DFRFoundation
0x0000000183446000 	/usr/lib/libicucore.A.dylib
0x000000018e6fb000 	/System/Library/Frameworks/AudioToolbox.framework/Versions/A/AudioToolbox
0x000000018d85b000 	/System/Library/PrivateFrameworks/DataDetectorsCore.framework/Versions/A/DataDetectorsCore
0x00000001a419b000 	/System/Library/PrivateFrameworks/TextInput.framework/Versions/A/TextInput
0x00000001860e5000 	/usr/lib/libMobileGestalt.dylib
0x0000000189c85000 	/System/Library/Frameworks/Carbon.framework/Versions/A/Frameworks/HIToolbox.framework/Versions/A/HIToolbox
0x0000000187ef8000 	/System/Library/Frameworks/QuartzCore.framework/Versions/A/QuartzCore
0x00000001830c9000 	/System/Library/Frameworks/Security.framework/Versions/A/Security
0x0000000191b8b000 	/System/Library/Frameworks/Carbon.framework/Versions/A/Frameworks/SpeechRecognition.framework/Versions/A/SpeechRecognition
0x0000000188272000 	/System/Library/PrivateFrameworks/CoreUI.framework/Versions/A/CoreUI
0x00000001829a6000 	/System/Library/Frameworks/CoreAudio.framework/Versions/A/CoreAudio
0x0000000187b6c000 	/System/Library/Frameworks/DiskArbitration.framework/Versions/A/DiskArbitration
0x000000018d154000 	/System/Library/PrivateFrameworks/MultitouchSupport.framework/Versions/A/MultitouchSupport
0x00000001860e3000 	/usr/lib/libenergytrace.dylib
0x0000000183a7e000 	/System/Library/Frameworks/IOKit.framework/Versions/A/IOKit
0x0000000191f7a000 	/System/Library/Frameworks/CoreServices.framework/Versions/A/CoreServices
0x00000001884ac000 	/System/Library/PrivateFrameworks/PerformanceAnalysis.framework/Versions/A/PerformanceAnalysis
0x00000001e2483000 	/System/Library/Frameworks/OpenGL.framework/Versions/A/OpenGL
0x000000018b0b3000 	/System/Library/PrivateFrameworks/MobileKeyBag.framework/Versions/A/MobileKeyBag
0x0000000180e4d000 	/usr/lib/libobjc.A.dylib
0x0000000186b52000 	/System/Library/Frameworks/ColorSync.framework/Versions/A/ColorSync
0x0000000181016000 	/System/Library/Frameworks/CoreFoundation.framework/Versions/A/CoreFoundation
0x000000018a255000 	/System/Library/Frameworks/CoreImage.framework/Versions/A/CoreImage
0x00000001827ca000 	/System/Library/Frameworks/CoreText.framework/Versions/A/CoreText
0x000000018a006000 	/System/Library/Frameworks/ImageIO.framework/Versions/A/ImageIO
0x000000018bb19000 	/System/Library/PrivateFrameworks/SoftLinking.framework/Versions/A/SoftLinking
0x000000018856a000 	/usr/lib/libxml2.2.dylib
0x0000000180f10000 	/usr/lib/libc++.1.dylib
0x000000018bdb2000 	/usr/lib/libcompression.dylib
0x000000018d7ab000 	/System/Library/PrivateFrameworks/TextureIO.framework/Versions/A/TextureIO
0x000000018c4da000 	/usr/lib/libate.dylib
0x000000018bb0d000 	/usr/lib/system/libcache.dylib
0x000000018bacb000 	/usr/lib/system/libcommonCrypto.dylib
0x000000018baf4000 	/usr/lib/system/libcompiler_rt.dylib
0x000000018baeb000 	/usr/lib/system/libcopyfile.dylib
0x0000000180d53000 	/usr/lib/system/libcorecrypto.dylib
0x0000000180e06000 	/usr/lib/system/libdispatch.dylib
0x0000000180fd4000 	/usr/lib/system/libdyld.dylib
0x000000018bb03000 	/usr/lib/system/libkeymgr.dylib
0x000000018baa6000 	/usr/lib/system/libmacho.dylib
0x000000018b19b000 	/usr/lib/system/libquarantine.dylib
0x000000018bb00000 	/usr/lib/system/libremovefile.dylib
0x000000018613c000 	/usr/lib/system/libsystem_asl.dylib
0x0000000180cf5000 	/usr/lib/system/libsystem_blocks.dylib
0x0000000180e8e000 	/usr/lib/system/libsystem_c.dylib
0x000000018baf8000 	/usr/lib/system/libsystem_collections.dylib
0x000000018a629000 	/usr/lib/system/libsystem_configuration.dylib
0x0000000189885000 	/usr/lib/system/libsystem_containermanager.dylib
0x000000018b808000 	/usr/lib/system/libsystem_coreservices.dylib
0x00000001836fc000 	/usr/lib/system/libsystem_darwin.dylib
0x000000018bb04000 	/usr/lib/system/libsystem_dnssd.dylib
0x0000000180e8b000 	/usr/lib/system/libsystem_featureflags.dylib
0x0000000180fe9000 	/usr/lib/system/libsystem_info.dylib
0x000000018ba6e000 	/usr/lib/system/libsystem_m.dylib
0x0000000180ddb000 	/usr/lib/system/libsystem_malloc.dylib
0x00000001860cb000 	/usr/lib/system/libsystem_networkextension.dylib
0x0000000183b55000 	/usr/lib/system/libsystem_notify.dylib
0x0000000191e51000 	/usr/lib/system/libsystem_product_info_filter.dylib
0x000000018a62e000 	/usr/lib/system/libsystem_sandbox.dylib
0x000000018bafd000 	/usr/lib/system/libsystem_secinit.dylib
0x0000000180f8f000 	/usr/lib/system/libsystem_kernel.dylib
0x0000000180fe1000 	/usr/lib/system/libsystem_platform.dylib
0x0000000180fc7000 	/usr/lib/system/libsystem_pthread.dylib
0x0000000187894000 	/usr/lib/system/libsystem_symptoms.dylib
0x0000000180d39000 	/usr/lib/system/libsystem_trace.dylib
0x000000018bad8000 	/usr/lib/system/libunwind.dylib
0x0000000180cf7000 	/usr/lib/system/libxpc.dylib
0x0000000180f77000 	/usr/lib/libc++abi.dylib
0x000000018bae3000 	/usr/lib/liboah.dylib
0x000000018c39f000 	/usr/lib/liblzma.5.dylib
0x0000000181c05000 	/System/Library/Frameworks/SystemConfiguration.framework/Versions/A/SystemConfiguration
0x000000018bb15000 	/usr/lib/libfakelink.dylib
0x0000000185c17000 	/System/Library/Frameworks/CFNetwork.framework/Versions/A/CFNetwork
0x000000018bc5b000 	/usr/lib/libarchive.2.dylib
0x000000018a635000 	/System/Library/PrivateFrameworks/AppleSystemInfo.framework/Versions/A/AppleSystemInfo
0x000000018b1c6000 	/usr/lib/libbsm.0.dylib
0x0000000185188000 	/usr/lib/libnetwork.dylib
0x000000018baaf000 	/usr/lib/system/libkxld.dylib
0x000000018add9000 	/System/Library/PrivateFrameworks/IOMobileFramebuffer.framework/Versions/A/IOMobileFramebuffer
0x00000001ffdaf000 	/usr/lib/libCoreEntitlements.dylib
0x000000018b7ea000 	/System/Library/PrivateFrameworks/AppleFSCompression.framework/Versions/A/AppleFSCompression
0x000000018b1ae000 	/usr/lib/libcoretls.dylib
0x000000018c3b8000 	/usr/lib/libcoretls_cfhelpers.dylib
0x000000018bdad000 	/usr/lib/libpam.2.dylib
0x00000001874ab000 	/usr/lib/libsqlite3.dylib
0x000000018c421000 	/usr/lib/libxar.1.dylib
0x000000018b7fb000 	/usr/lib/libbz2.1.0.dylib
0x000000018bb1a000 	/usr/lib/libpcap.A.dylib
0x000000018788b000 	/usr/lib/libdns_services.dylib
0x000000018bd80000 	/usr/lib/libapple_nghttp2.dylib
0x000000018bb57000 	/usr/lib/libiconv.2.dylib
0x000000018baa5000 	/usr/lib/libcharset.1.dylib
0x00000001884e8000 	/System/Library/Frameworks/CoreServices.framework/Versions/A/Frameworks/FSEvents.framework/Versions/A/FSEvents
0x0000000183707000 	/System/Library/Frameworks/CoreServices.framework/Versions/A/Frameworks/CarbonCore.framework/Versions/A/CarbonCore
0x0000000187acc000 	/System/Library/Frameworks/CoreServices.framework/Versions/A/Frameworks/Metadata.framework/Versions/A/Metadata
0x000000018b80e000 	/System/Library/Frameworks/CoreServices.framework/Versions/A/Frameworks/OSServices.framework/Versions/A/OSServices
0x000000018bce1000 	/System/Library/Frameworks/CoreServices.framework/Versions/A/Frameworks/SearchKit.framework/Versions/A/SearchKit
0x000000018781a000 	/System/Library/Frameworks/CoreServices.framework/Versions/A/Frameworks/AE.framework/Versions/A/AE
0x000000018155c000 	/System/Library/Frameworks/CoreServices.framework/Versions/A/Frameworks/LaunchServices.framework/Versions/A/LaunchServices
0x000000018c348000 	/System/Library/Frameworks/CoreServices.framework/Versions/A/Frameworks/DictionaryServices.framework/Versions/A/DictionaryServices
0x00000001884f5000 	/System/Library/Frameworks/CoreServices.framework/Versions/A/Frameworks/SharedFileList.framework/Versions/A/SharedFileList
0x000000018b19e000 	/usr/lib/libCheckFix.dylib
0x0000000186154000 	/System/Library/PrivateFrameworks/TCC.framework/Versions/A/TCC
0x000000018a63b000 	/System/Library/PrivateFrameworks/CoreNLP.framework/Versions/A/CoreNLP
0x0000000187a7a000 	/System/Library/PrivateFrameworks/MetadataUtilities.framework/Versions/A/MetadataUtilities
0x0000000181cbe000 	/usr/lib/libmecabra.dylib
0x000000018b1d7000 	/usr/lib/libmecab.dylib
0x0000000181c8a000 	/usr/lib/libCRFSuite.dylib
0x000000018b234000 	/usr/lib/libgermantok.dylib
0x000000018bd59000 	/usr/lib/libThaiTokenizer.dylib
0x0000000187b74000 	/System/Library/Frameworks/Accelerate.framework/Versions/A/Frameworks/vImage.framework/Versions/A/vImage
0x0000000191f51000 	/System/Library/Frameworks/Accelerate.framework/Versions/A/Frameworks/vecLib.framework/Versions/A/vecLib
0x000000018c466000 	/System/Library/Frameworks/Accelerate.framework/Versions/A/Frameworks/vecLib.framework/Versions/A/libvMisc.dylib
0x000000018ace0000 	/System/Library/Frameworks/Accelerate.framework/Versions/A/Frameworks/vecLib.framework/Versions/A/libvDSP.dylib
0x00000001818e5000 	/System/Library/Frameworks/Accelerate.framework/Versions/A/Frameworks/vecLib.framework/Versions/A/libBLAS.dylib
0x000000018be83000 	/System/Library/Frameworks/Accelerate.framework/Versions/A/Frameworks/vecLib.framework/Versions/A/libLAPACK.dylib
0x000000018b237000 	/System/Library/Frameworks/Accelerate.framework/Versions/A/Frameworks/vecLib.framework/Versions/A/libLinearAlgebra.dylib
0x000000018bd98000 	/System/Library/Frameworks/Accelerate.framework/Versions/A/Frameworks/vecLib.framework/Versions/A/libSparseBLAS.dylib
0x000000018be7e000 	/System/Library/Frameworks/Accelerate.framework/Versions/A/Frameworks/vecLib.framework/Versions/A/libQuadrature.dylib
0x000000018a734000 	/System/Library/Frameworks/Accelerate.framework/Versions/A/Frameworks/vecLib.framework/Versions/A/libBNNS.dylib
0x0000000181ba3000 	/System/Library/Frameworks/Accelerate.framework/Versions/A/Frameworks/vecLib.framework/Versions/A/libSparse.dylib
0x000000018a72c000 	/System/Library/PrivateFrameworks/LinguisticData.framework/Versions/A/LinguisticData
0x0000000181b5b000 	/System/Library/PrivateFrameworks/Lexicon.framework/Versions/A/Lexicon
0x000000018c45e000 	/usr/lib/libChineseTokenizer.dylib
0x0000000182302000 	/System/Library/PrivateFrameworks/LanguageModeling.framework/Versions/A/LanguageModeling
0x000000018bd5b000 	/System/Library/PrivateFrameworks/AppleSauce.framework/Versions/A/AppleSauce
0x000000018adc6000 	/System/Library/PrivateFrameworks/CoreEmoji.framework/Versions/A/CoreEmoji
0x000000018bc49000 	/usr/lib/libcmph.dylib
0x00000001884c8000 	/System/Library/Frameworks/OpenDirectory.framework/Versions/A/Frameworks/CFOpenDirectory.framework/Versions/A/CFOpenDirectory
0x00000001884b8000 	/System/Library/Frameworks/OpenDirectory.framework/Versions/A/OpenDirectory
0x000000018c3ba000 	/System/Library/PrivateFrameworks/APFS.framework/Versions/A/APFS
0x000000018b0ee000 	/System/Library/Frameworks/SecurityFoundation.framework/Versions/A/SecurityFoundation
0x000000018c430000 	/usr/lib/libutil.dylib
0x0000000183a40000 	/System/Library/PrivateFrameworks/CoreServicesStore.framework/Versions/A/CoreServicesStore
0x000000018c434000 	/usr/lib/libxslt.1.dylib
0x000000018b182000 	/System/Library/PrivateFrameworks/BackgroundTaskManagement.framework/Versions/A/BackgroundTaskManagement
0x000000018d6cc000 	/System/Library/Frameworks/ImageIO.framework/Versions/A/Resources/libRadiance.dylib
0x000000018d6d5000 	/System/Library/Frameworks/ImageIO.framework/Versions/A/Resources/libJPEG.dylib
0x000000018d628000 	/System/Library/Frameworks/ImageIO.framework/Versions/A/Resources/libPng.dylib
0x000000018d64a000 	/System/Library/Frameworks/ImageIO.framework/Versions/A/Resources/libTIFF.dylib
0x000000018d730000 	/System/Library/Frameworks/ImageIO.framework/Versions/A/Resources/libGIF.dylib
0x000000018d064000 	/System/Library/Frameworks/ImageIO.framework/Versions/A/Resources/libJP2.dylib
0x000000018c786000 	/usr/lib/libexpat.1.dylib
0x000000018d01f000 	/System/Library/PrivateFrameworks/AppleJPEG.framework/Versions/A/AppleJPEG
0x0000000189b41000 	/System/Library/PrivateFrameworks/FontServices.framework/libFontParser.dylib
0x00000001877bf000 	/System/Library/PrivateFrameworks/RunningBoardServices.framework/Versions/A/RunningBoardServices
0x000000019803d000 	/System/Library/PrivateFrameworks/IOSurfaceAccelerator.framework/Versions/A/IOSurfaceAccelerator
0x000000018d150000 	/System/Library/PrivateFrameworks/WatchdogClient.framework/Versions/A/WatchdogClient
0x0000000182406000 	/System/Library/Frameworks/CoreDisplay.framework/Versions/A/CoreDisplay
0x0000000189a2b000 	/System/Library/Frameworks/CoreMedia.framework/Versions/A/CoreMedia
0x00000001898b8000 	/System/Library/PrivateFrameworks/IOAccelerator.framework/Versions/A/IOAccelerator
0x0000000188658000 	/System/Library/Frameworks/CoreVideo.framework/Versions/A/CoreVideo
0x000000018bdab000 	/System/Library/Frameworks/MetalPerformanceShaders.framework/Versions/A/MetalPerformanceShaders
0x000000018d18f000 	/System/Library/Frameworks/VideoToolbox.framework/Versions/A/VideoToolbox
0x0000000187703000 	/System/Library/PrivateFrameworks/BaseBoard.framework/Versions/A/BaseBoard
0x0000000187491000 	/System/Library/PrivateFrameworks/ProtocolBuffer.framework/Versions/A/ProtocolBuffer
0x000000018d6c7000 	/System/Library/PrivateFrameworks/GPUWrangler.framework/Versions/A/GPUWrangler
0x000000018d6a7000 	/System/Library/PrivateFrameworks/IOPresentment.framework/Versions/A/IOPresentment
0x000000018d6cf000 	/System/Library/PrivateFrameworks/DSExternalDisplay.framework/Versions/A/DSExternalDisplay
0x00000001e2476000 	/System/Library/Frameworks/OpenGL.framework/Versions/A/Libraries/libCoreFSCache.dylib
0x00000001ec935000 	/System/Library/PrivateFrameworks/GPUCompiler.framework/Versions/31001/Libraries/libGPUCompilerUtils.dylib
0x000000018d735000 	/System/Library/PrivateFrameworks/CMCaptureCore.framework/Versions/A/CMCaptureCore
0x000000018cd37000 	/System/Library/PrivateFrameworks/AppServerSupport.framework/Versions/A/AppServerSupport
0x000000018efb8000 	/System/Library/PrivateFrameworks/perfdata.framework/Versions/A/perfdata
0x0000000182526000 	/System/Library/PrivateFrameworks/AudioToolboxCore.framework/Versions/A/AudioToolboxCore
0x0000000189a04000 	/System/Library/PrivateFrameworks/caulk.framework/Versions/A/caulk
0x000000018e8ad000 	/usr/lib/libAudioStatistics.dylib
0x00000001a0802000 	/System/Library/PrivateFrameworks/SystemPolicy.framework/Versions/A/SystemPolicy
0x000000018eb19000 	/usr/lib/libSMC.dylib
0x000000019784c000 	/System/Library/Frameworks/CoreMIDI.framework/Versions/A/CoreMIDI
0x000000018d5f6000 	/usr/lib/libAudioToolboxUtility.dylib
0x000000019c8cf000 	/System/Library/PrivateFrameworks/OSAServicesClient.framework/Versions/A/OSAServicesClient
0x000000018efc5000 	/usr/lib/libperfcheck.dylib
0x00000001a131a000 	/usr/lib/libmis.dylib
0x00000001e24d8000 	/System/Library/Frameworks/OpenGL.framework/Versions/A/Libraries/libGLU.dylib
0x00000001e2497000 	/System/Library/Frameworks/OpenGL.framework/Versions/A/Libraries/libGFXShared.dylib
0x00000001e2684000 	/System/Library/Frameworks/OpenGL.framework/Versions/A/Libraries/libGL.dylib
0x00000001e24a0000 	/System/Library/Frameworks/OpenGL.framework/Versions/A/Libraries/libGLImage.dylib
0x00000001e2494000 	/System/Library/Frameworks/OpenGL.framework/Versions/A/Libraries/libCVMSPluginSupport.dylib
0x00000001e247d000 	/System/Library/Frameworks/OpenGL.framework/Versions/A/Libraries/libCoreVMClient.dylib
0x000000018a5b5000 	/System/Library/Frameworks/MetalPerformanceShaders.framework/Versions/A/Frameworks/MPSCore.framework/Versions/A/MPSCore
0x000000018b75d000 	/System/Library/Frameworks/MetalPerformanceShaders.framework/Versions/A/Frameworks/MPSImage.framework/Versions/A/MPSImage
0x000000018b24c000 	/System/Library/Frameworks/MetalPerformanceShaders.framework/Versions/A/Frameworks/MPSNeuralNetwork.framework/Versions/A/MPSNeuralNetwork
0x000000018b685000 	/System/Library/Frameworks/MetalPerformanceShaders.framework/Versions/A/Frameworks/MPSMatrix.framework/Versions/A/MPSMatrix
0x000000018b45e000 	/System/Library/Frameworks/MetalPerformanceShaders.framework/Versions/A/Frameworks/MPSRayIntersector.framework/Versions/A/MPSRayIntersector
0x000000018b6b6000 	/System/Library/Frameworks/MetalPerformanceShaders.framework/Versions/A/Frameworks/MPSNDArray.framework/Versions/A/MPSNDArray
0x00000001e45ef000 	/System/Library/Frameworks/MetalPerformanceShaders.framework/Versions/A/Frameworks/MPSFunctions.framework/Versions/A/MPSFunctions
0x00000001817bc000 	/System/Library/PrivateFrameworks/MetalTools.framework/Versions/A/MetalTools
0x000000018a633000 	/System/Library/PrivateFrameworks/AggregateDictionary.framework/Versions/A/AggregateDictionary
0x000000018c56b000 	/usr/lib/libIOReport.dylib
0x000000019686a000 	/System/Library/PrivateFrameworks/ASEProcessing.framework/Versions/A/ASEProcessing
0x000000018c8e0000 	/System/Library/PrivateFrameworks/FaceCore.framework/Versions/A/FaceCore
0x000000018c8d2000 	/System/Library/PrivateFrameworks/GraphVisualizer.framework/Versions/A/GraphVisualizer
0x00000001ec84c000 	/System/Library/PrivateFrameworks/FontServices.framework/Versions/A/FontServices
0x000000018ccf3000 	/System/Library/PrivateFrameworks/OTSVG.framework/Versions/A/OTSVG
0x0000000188222000 	/System/Library/Frameworks/ApplicationServices.framework/Versions/A/Frameworks/ATS.framework/Versions/A/Resources/libFontRegistry.dylib
0x000000018cd40000 	/System/Library/PrivateFrameworks/FontServices.framework/libhvf.dylib
0x00000001ec84d000 	/System/Library/PrivateFrameworks/FontServices.framework/libXTFontStaticRegistryData.dylib
0x00000001e2825000 	/System/Library/Frameworks/OpenCL.framework/Versions/A/OpenCL
0x000000018c73a000 	/System/Library/PrivateFrameworks/AppleVA.framework/Versions/A/AppleVA
0x000000018e8d5000 	/System/Library/Frameworks/ApplicationServices.framework/Versions/A/Frameworks/ATS.framework/Versions/A/ATS
0x0000000186c4f000 	/System/Library/Frameworks/ApplicationServices.framework/Versions/A/Frameworks/HIServices.framework/Versions/A/HIServices
0x000000018d73f000 	/System/Library/Frameworks/ApplicationServices.framework/Versions/A/Frameworks/PrintCore.framework/Versions/A/PrintCore
0x000000018ec6c000 	/System/Library/Frameworks/ApplicationServices.framework/Versions/A/Frameworks/QD.framework/Versions/A/QD
0x000000018ec64000 	/System/Library/Frameworks/ApplicationServices.framework/Versions/A/Frameworks/ColorSyncLegacy.framework/Versions/A/ColorSyncLegacy
0x000000018e8c1000 	/System/Library/Frameworks/ApplicationServices.framework/Versions/A/Frameworks/SpeechSynthesis.framework/Versions/A/SpeechSynthesis
0x000000018d700000 	/System/Library/Frameworks/ApplicationServices.framework/Versions/A/Frameworks/ATSUI.framework/Versions/A/ATSUI
0x000000018ebf9000 	/usr/lib/libcups.2.dylib
0x000000018efd3000 	/System/Library/Frameworks/Kerberos.framework/Versions/A/Kerberos
0x000000018efe4000 	/System/Library/Frameworks/GSS.framework/Versions/A/GSS
0x000000018e945000 	/usr/lib/libresolv.9.dylib
0x000000018cd4f000 	/System/Library/PrivateFrameworks/Heimdal.framework/Versions/A/Heimdal
0x0000000195a9f000 	/System/Library/Frameworks/Kerberos.framework/Versions/A/Libraries/libHeimdalProxy.dylib
0x000000018789d000 	/System/Library/Frameworks/Network.framework/Versions/A/Network
0x000000018c7a1000 	/usr/lib/libheimdal-asn1.dylib
0x000000018f034000 	/System/Library/PrivateFrameworks/CommonAuth.framework/Versions/A/CommonAuth
0x000000018e83b000 	/System/Library/PrivateFrameworks/AudioSession.framework/Versions/A/AudioSession
0x000000018c833000 	/System/Library/PrivateFrameworks/MediaExperience.framework/Versions/A/MediaExperience
0x000000018e6c1000 	/System/Library/PrivateFrameworks/AudioSession.framework/libSessionUtility.dylib
0x000000018ec78000 	/System/Library/PrivateFrameworks/AudioResourceArbitration.framework/Versions/A/AudioResourceArbitration
0x0000000192e2e000 	/System/Library/PrivateFrameworks/PowerLog.framework/Versions/A/PowerLog
0x000000018c7ab000 	/System/Library/PrivateFrameworks/IconFoundation.framework/Versions/A/IconFoundation
0x0000000191b77000 	/System/Library/PrivateFrameworks/SpeechRecognitionCore.framework/Versions/A/SpeechRecognitionCore
0x0000000105c04000 	/Users/ziggesommar/Library/Java/JavaVirtualMachines/openjdk-21.0.2/Contents/Home/lib/server/libjvm.dylib
0x0000000104a90000 	/Users/ziggesommar/Library/Java/JavaVirtualMachines/openjdk-21.0.2/Contents/Home/lib/libjimage.dylib
0x0000000104b78000 	/Users/ziggesommar/Library/Java/JavaVirtualMachines/openjdk-21.0.2/Contents/Home/lib/libinstrument.dylib
0x0000000104bc0000 	/Users/ziggesommar/Library/Java/JavaVirtualMachines/openjdk-21.0.2/Contents/Home/lib/libjava.dylib
0x0000000105670000 	/Users/ziggesommar/Library/Java/JavaVirtualMachines/openjdk-21.0.2/Contents/Home/lib/libzip.dylib
0x0000000105698000 	/Users/ziggesommar/Library/Java/JavaVirtualMachines/openjdk-21.0.2/Contents/Home/lib/libnio.dylib
0x0000000104ba8000 	/Users/ziggesommar/Library/Java/JavaVirtualMachines/openjdk-21.0.2/Contents/Home/lib/libnet.dylib
0x00000001056b8000 	/Users/ziggesommar/Library/Java/JavaVirtualMachines/openjdk-21.0.2/Contents/Home/lib/libextnet.dylib
0x0000000105750000 	/Users/ziggesommar/Library/Java/JavaVirtualMachines/openjdk-21.0.2/Contents/Home/lib/libawt.dylib
0x0000000105800000 	/Users/ziggesommar/Library/Java/JavaVirtualMachines/openjdk-21.0.2/Contents/Home/lib/libmlib_image.dylib
0x00000001e4555000 	/System/Library/Frameworks/JavaRuntimeSupport.framework/Versions/A/JavaRuntimeSupport
0x00000001a0303000 	/System/Library/Frameworks/Carbon.framework/Versions/A/Carbon
0x0000000193dcd000 	/System/Library/PrivateFrameworks/CoreSymbolication.framework/Versions/A/CoreSymbolication
0x0000000199473000 	/System/Library/Frameworks/Carbon.framework/Versions/A/Frameworks/CommonPanels.framework/Versions/A/CommonPanels
0x000000019548d000 	/System/Library/Frameworks/Carbon.framework/Versions/A/Frameworks/Help.framework/Versions/A/Help
0x0000000199477000 	/System/Library/Frameworks/Carbon.framework/Versions/A/Frameworks/ImageCapture.framework/Versions/A/ImageCapture
0x0000000199443000 	/System/Library/Frameworks/Carbon.framework/Versions/A/Frameworks/OpenScripting.framework/Versions/A/OpenScripting
0x000000019946f000 	/System/Library/Frameworks/Carbon.framework/Versions/A/Frameworks/Ink.framework/Versions/A/Ink
0x00000001a02ff000 	/System/Library/Frameworks/Carbon.framework/Versions/A/Frameworks/Print.framework/Versions/A/Print
0x000000019946b000 	/System/Library/Frameworks/Carbon.framework/Versions/A/Frameworks/SecurityHI.framework/Versions/A/SecurityHI
0x0000000193d8a000 	/System/Library/PrivateFrameworks/DebugSymbols.framework/Versions/A/DebugSymbols
0x0000000105990000 	/Users/ziggesommar/Library/Java/JavaVirtualMachines/openjdk-21.0.2/Contents/Home/lib/libawt_lwawt.dylib
0x00000001056fc000 	/Users/ziggesommar/Library/Java/JavaVirtualMachines/openjdk-21.0.2/Contents/Home/lib/libosxapp.dylib
0x000000019f645000 	/System/Library/Frameworks/ExceptionHandling.framework/Versions/A/ExceptionHandling
0x0000000124a94000 	/Users/ziggesommar/Library/Java/JavaVirtualMachines/openjdk-21.0.2/Contents/Home/lib/libfontmanager.dylib
0x0000000105ab4000 	/Users/ziggesommar/Library/Java/JavaVirtualMachines/openjdk-21.0.2/Contents/Home/lib/libfreetype.dylib
0x0000000183a03000 	/System/Library/PrivateFrameworks/CoreServicesInternal.framework/Versions/A/CoreServicesInternal
0x0000000193086000 	/System/Library/Frameworks/FileProvider.framework/Versions/A/FileProvider
0x000000018766b000 	/System/Library/Frameworks/Accounts.framework/Versions/A/Accounts
0x000000019320a000 	/System/Library/PrivateFrameworks/GenerationalStorage.framework/Versions/A/GenerationalStorage
0x0000000192e22000 	/System/Library/PrivateFrameworks/SymptomDiagnosticReporter.framework/Versions/A/SymptomDiagnosticReporter
0x0000000184cf3000 	/System/Library/PrivateFrameworks/DesktopServicesPriv.framework/Versions/A/DesktopServicesPriv
0x0000000183b65000 	/usr/lib/libsandbox.1.dylib
0x00000001886e6000 	/System/Library/PrivateFrameworks/UserManagement.framework/Versions/A/UserManagement
0x000000018ec57000 	/System/Library/PrivateFrameworks/NetAuth.framework/Versions/A/NetAuth
0x000000018fb75000 	/System/Library/PrivateFrameworks/Sharing.framework/Versions/A/Sharing
0x00000001886b6000 	/System/Library/PrivateFrameworks/login.framework/Versions/A/Frameworks/loginsupport.framework/Versions/A/loginsupport
0x0000000194fbf000 	/System/Library/PrivateFrameworks/Apple80211.framework/Versions/A/Apple80211
0x000000018b841000 	/System/Library/PrivateFrameworks/AuthKit.framework/Versions/A/AuthKit
0x000000018aec2000 	/System/Library/PrivateFrameworks/CoreUtils.framework/Versions/A/CoreUtils
0x000000018ade5000 	/System/Library/Frameworks/CoreWLAN.framework/Versions/A/CoreWLAN
0x000000018fce5000 	/System/Library/Frameworks/IOBluetooth.framework/Versions/A/IOBluetooth
0x000000019501f000 	/System/Library/PrivateFrameworks/CoreWiFi.framework/Versions/A/CoreWiFi
0x000000019396a000 	/System/Library/PrivateFrameworks/FrontBoardServices.framework/Versions/A/FrontBoardServices
0x0000000193a02000 	/System/Library/PrivateFrameworks/BoardServices.framework/Versions/A/BoardServices
0x000000018b0dc000 	/System/Library/PrivateFrameworks/AssertionServices.framework/Versions/A/AssertionServices
0x000000019519c000 	/System/Library/PrivateFrameworks/BackBoardServices.framework/Versions/A/BackBoardServices
0x000000018f0cb000 	/System/Library/PrivateFrameworks/CorePhoneNumbers.framework/Versions/A/CorePhoneNumbers
0x0000000192f52000 	/System/Library/PrivateFrameworks/DiskManagement.framework/Versions/A/DiskManagement
0x0000000192e55000 	/System/Library/PrivateFrameworks/AppleIDAuthSupport.framework/Versions/A/AppleIDAuthSupport
0x00000001e6e16000 	/System/Library/PrivateFrameworks/AAAFoundation.framework/Versions/A/AAAFoundation
0x000000018f0aa000 	/System/Library/PrivateFrameworks/KeychainCircle.framework/Versions/A/KeychainCircle
0x0000000192f1e000 	/System/Library/PrivateFrameworks/MediaKit.framework/Versions/A/MediaKit
0x0000000192e62000 	/System/Library/Frameworks/DiscRecording.framework/Versions/A/DiscRecording
0x000000018c6b6000 	/usr/lib/libCoreStorage.dylib
0x0000000195499000 	/usr/lib/libcsfde.dylib
0x000000018fdba000 	/System/Library/PrivateFrameworks/ProtectedCloudStorage.framework/Versions/A/ProtectedCloudStorage
0x0000000195491000 	/System/Library/PrivateFrameworks/EFILogin.framework/Versions/A/EFILogin
0x0000000193231000 	/System/Library/PrivateFrameworks/OctagonTrust.framework/Versions/A/OctagonTrust
0x00000001eb9e7000 	/System/Library/PrivateFrameworks/CoreUtilsExtras.framework/Versions/A/CoreUtilsExtras
0x0000000192d87000 	/System/Library/Frameworks/CoreBluetooth.framework/Versions/A/CoreBluetooth
0x0000000195b24000 	/System/Library/Frameworks/AudioUnit.framework/Versions/A/AudioUnit
0x000000018c6ae000 	/usr/lib/libMatch.1.dylib
0x00000001a7ff8000 	/System/Library/CoreServices/RawCamera.bundle/Contents/MacOS/RawCamera
0x000000018f045000 	/System/Library/PrivateFrameworks/MobileAsset.framework/Versions/A/MobileAsset
0x0000000195b52000 	/System/Library/PrivateFrameworks/StreamingZip.framework/Versions/A/StreamingZip
0x00000001e8ad2000 	/System/Library/PrivateFrameworks/CMPhoto.framework/Versions/A/CMPhoto
0x000000018d946000 	/System/Library/Frameworks/MediaToolbox.framework/Versions/A/MediaToolbox
0x0000000193052000 	/System/Library/PrivateFrameworks/CoreAVCHD.framework/Versions/A/CoreAVCHD
0x0000000192262000 	/System/Library/Frameworks/MediaAccessibility.framework/Versions/A/MediaAccessibility
0x000000019304e000 	/System/Library/PrivateFrameworks/Mangrove.framework/Versions/A/Mangrove
0x000000019226f000 	/System/Library/PrivateFrameworks/AlgosScoreFramework.framework/Versions/A/AlgosScoreFramework
0x0000000193042000 	/System/Library/PrivateFrameworks/CoreAUC.framework/Versions/A/CoreAUC
0x00000001a57e2000 	/System/Library/Frameworks/Accelerate.framework/Versions/A/Frameworks/vImage.framework/Versions/A/Libraries/libCGInterfaces.dylib
0x0000000105bec000 	/usr/lib/libobjc-trampolines.dylib
0x00000001883b0000 	/System/Library/PrivateFrameworks/ViewBridge.framework/Versions/A/ViewBridge
0x00000001fff2d000 	/usr/lib/libRosetta.dylib
0x00000001c7774000 	/System/Library/Extensions/AGXMetalG13X.bundle/Contents/MacOS/AGXMetalG13X
0x00000001a1336000 	/System/Library/PrivateFrameworks/GPURawCounter.framework/Versions/A/GPURawCounter
0x000000019ba40000 	/System/Library/PrivateFrameworks/IOGPU.framework/Versions/A/IOGPU
0x00000001377bc000 	/Users/ziggesommar/Library/Java/JavaVirtualMachines/openjdk-21.0.2/Contents/Home/lib/libosxui.dylib
0x00000001c6751000 	/System/Library/CoreServices/Encodings/libTraditionalChineseConverter.dylib
0x00000001c6764000 	/System/Library/CoreServices/Encodings/libKoreanConverter.dylib
0x00000001c05d5000 	/System/Library/CoreServices/Encodings/libJapaneseConverter.dylib
0x00000001c6788000 	/System/Library/CoreServices/Encodings/libSimplifiedChineseConverter.dylib
0x00000002e9a5c000 	/Users/ziggesommar/Library/Java/JavaVirtualMachines/openjdk-21.0.2/Contents/Home/lib/libjavajpeg.dylib
0x00000002e9afc000 	/Users/ziggesommar/Library/Java/JavaVirtualMachines/openjdk-21.0.2/Contents/Home/lib/liblcms.dylib
0x000000018ce12000 	/System/Library/PrivateFrameworks/login.framework/Versions/A/login
0x00000001922a0000 	/System/Library/PrivateFrameworks/SystemAdministration.framework/Versions/A/SystemAdministration
0x0000000191b3f000 	/System/Library/Frameworks/DirectoryService.framework/Versions/A/DirectoryService
0x0000000195326000 	/System/Library/PrivateFrameworks/DiskImages.framework/Versions/A/DiskImages
0x000000018b18d000 	/System/Library/Frameworks/ServiceManagement.framework/Versions/A/ServiceManagement
0x000000019550f000 	/System/Library/PrivateFrameworks/LoginUIKit.framework/Versions/A/Frameworks/LoginUICore.framework/Versions/A/LoginUICore
0x000000018cfc8000 	/usr/lib/libodfde.dylib
0x00000001954a5000 	/usr/lib/libcurl.4.dylib
0x00000002002d5000 	/usr/lib/libcrypto.46.dylib
0x000000020077a000 	/usr/lib/libssl.48.dylib
0x00000001951bc000 	/System/Library/Frameworks/LDAP.framework/Versions/A/LDAP
0x00000001951f8000 	/System/Library/PrivateFrameworks/TrustEvaluationAgent.framework/Versions/A/TrustEvaluationAgent
0x000000018e95e000 	/usr/lib/libsasl2.2.dylib
0x0000000192295000 	/System/Library/PrivateFrameworks/CoreDaemon.framework/Versions/B/CoreDaemon
0x000000019228f000 	/System/Library/PrivateFrameworks/AppleSRP.framework/Versions/A/AppleSRP
0x00000001c6a58000 	/System/Library/PrivateFrameworks/VoiceShortcutClient.framework/Versions/A/VoiceShortcutClient
0x0000000195517000 	/System/Library/PrivateFrameworks/AppSupport.framework/Versions/A/AppSupport
0x0000000195bc5000 	/System/Library/PrivateFrameworks/IntentsFoundation.framework/Versions/A/IntentsFoundation
0x000000018b9d0000 	/System/Library/Frameworks/CoreSpotlight.framework/Versions/A/CoreSpotlight
0x00000001948fa000 	/System/Library/PrivateFrameworks/CoreDuetContext.framework/Versions/A/CoreDuetContext
0x0000000184e8f000 	/System/Library/PrivateFrameworks/CoreDuet.framework/Versions/A/CoreDuet
0x0000000194954000 	/System/Library/Frameworks/Intents.framework/Versions/A/Intents
0x000000018c676000 	/System/Library/PrivateFrameworks/PlugInKit.framework/Versions/A/PlugInKit
0x000000019670b000 	/System/Library/PrivateFrameworks/ProactiveSupport.framework/Versions/A/ProactiveSupport
0x00000001897de000 	/System/Library/Frameworks/CoreLocation.framework/Versions/A/CoreLocation
0x000000018c574000 	/System/Library/PrivateFrameworks/CrashReporterSupport.framework/Versions/A/CrashReporterSupport
0x0000000195719000 	/System/Library/PrivateFrameworks/InternationalTextSearch.framework/Versions/A/InternationalTextSearch
0x00000001975db000 	/System/Library/PrivateFrameworks/RTCReporting.framework/Versions/A/RTCReporting
0x00000001ad25b000 	/System/Library/PrivateFrameworks/OSAnalytics.framework/Versions/A/OSAnalytics
0x00000001b8559000 	/System/Library/PrivateFrameworks/Symbolication.framework/Versions/A/Symbolication
0x00000001a12f7000 	/System/Library/PrivateFrameworks/MallocStackLogging.framework/Versions/A/MallocStackLogging
0x00000001900e4000 	/System/Library/PrivateFrameworks/GeoServices.framework/Versions/A/GeoServices
0x000000018e698000 	/System/Library/PrivateFrameworks/LocationSupport.framework/Versions/A/LocationSupport
0x00000001ed07a000 	/System/Library/PrivateFrameworks/GeoServicesCore.framework/Versions/A/GeoServicesCore
0x000000019c913000 	/System/Library/PrivateFrameworks/PhoneNumbers.framework/Versions/A/PhoneNumbers
0x000000019541d000 	/System/Library/PrivateFrameworks/RemoteServiceDiscovery.framework/Versions/A/RemoteServiceDiscovery
0x0000000193625000 	/System/Library/Frameworks/CoreTelephony.framework/Versions/A/CoreTelephony
0x0000000196857000 	/System/Library/PrivateFrameworks/CoreDuetDebugLogging.framework/Versions/A/CoreDuetDebugLogging
0x00000001886b9000 	/System/Library/PrivateFrameworks/ApplePushService.framework/Versions/A/ApplePushService
0x000000018870e000 	/System/Library/Frameworks/CloudKit.framework/Versions/A/CloudKit
0x000000019685a000 	/System/Library/PrivateFrameworks/CoreDuetDaemonProtocol.framework/Versions/A/CoreDuetDaemonProtocol
0x0000000193eb7000 	/System/Library/PrivateFrameworks/Rapport.framework/Versions/A/Rapport
0x00000001876e9000 	/System/Library/PrivateFrameworks/CommonUtilities.framework/Versions/A/CommonUtilities
0x000000018f0d5000 	/usr/lib/libTelephonyUtilDynamic.dylib
0x000000018cfcc000 	/System/Library/PrivateFrameworks/Bom.framework/Versions/A/Bom
0x000000018e982000 	/usr/lib/libParallelCompression.dylib
0x0000000195bde000 	/System/Library/PrivateFrameworks/C2.framework/Versions/A/C2
0x00000001e8d5f000 	/System/Library/PrivateFrameworks/CloudKitDistributedSync.framework/Versions/A/CloudKitDistributedSync
0x0000000195bd5000 	/System/Library/Frameworks/PushKit.framework/Versions/A/PushKit
0x0000000193eac000 	/System/Library/PrivateFrameworks/CoreTime.framework/Versions/A/CoreTime


VM Arguments:
jvm_args: -javaagent:/Applications/IntelliJ IDEA.app/Contents/lib/idea_rt.jar=49361:/Applications/IntelliJ IDEA.app/Contents/bin -Dfile.encoding=UTF-8 -Dsun.stdout.encoding=UTF-8 -Dsun.stderr.encoding=UTF-8 
java_command: Lab3.main.java.CarController
java_class_path (initial): /Users/ziggesommar/IdeaProjects/lab3/out/production/lab3:/Users/ziggesommar/.m2/repository/org/junit/jupiter/junit-jupiter/5.8.1/junit-jupiter-5.8.1.jar:/Users/ziggesommar/.m2/repository/org/junit/jupiter/junit-jupiter-api/5.8.1/junit-jupiter-api-5.8.1.jar:/Users/ziggesommar/.m2/repository/org/opentest4j/opentest4j/1.2.0/opentest4j-1.2.0.jar:/Users/ziggesommar/.m2/repository/org/junit/platform/junit-platform-commons/1.8.1/junit-platform-commons-1.8.1.jar:/Users/ziggesommar/.m2/repository/org/apiguardian/apiguardian-api/1.1.2/apiguardian-api-1.1.2.jar:/Users/ziggesommar/.m2/repository/org/junit/jupiter/junit-jupiter-params/5.8.1/junit-jupiter-params-5.8.1.jar:/Users/ziggesommar/.m2/repository/org/junit/jupiter/junit-jupiter-engine/5.8.1/junit-jupiter-engine-5.8.1.jar:/Users/ziggesommar/.m2/repository/org/junit/platform/junit-platform-engine/1.8.1/junit-platform-engine-1.8.1.jar
Launcher Type: SUN_STANDARD

[Global flags]
     intx CICompilerCount                          = 4                                         {product} {ergonomic}
     uint ConcGCThreads                            = 2                                         {product} {ergonomic}
     uint G1ConcRefinementThreads                  = 8                                         {product} {ergonomic}
   size_t G1HeapRegionSize                         = 2097152                                   {product} {ergonomic}
    uintx GCDrainStackTargetSize                   = 64                                        {product} {ergonomic}
   size_t InitialHeapSize                          = 268435456                                 {product} {ergonomic}
   size_t MarkStackSize                            = 4194304                                   {product} {ergonomic}
   size_t MaxHeapSize                              = 4294967296                                {product} {ergonomic}
   size_t MaxNewSize                               = 2575302656                                {product} {ergonomic}
   size_t MinHeapDeltaBytes                        = 2097152                                   {product} {ergonomic}
   size_t MinHeapSize                              = 8388608                                   {product} {ergonomic}
    uintx NonNMethodCodeHeapSize                   = 5839564                                {pd product} {ergonomic}
    uintx NonProfiledCodeHeapSize                  = 122909338                              {pd product} {ergonomic}
    uintx ProfiledCodeHeapSize                     = 122909338                              {pd product} {ergonomic}
    uintx ReservedCodeCacheSize                    = 251658240                              {pd product} {ergonomic}
     bool SegmentedCodeCache                       = true                                      {product} {ergonomic}
   size_t SoftMaxHeapSize                          = 4294967296                             {manageable} {ergonomic}
     bool UseCompressedOops                        = true                           {product lp64_product} {ergonomic}
     bool UseG1GC                                  = true                                      {product} {ergonomic}
     bool UseNUMA                                  = false                                     {product} {ergonomic}
     bool UseNUMAInterleaving                      = false                                     {product} {ergonomic}

Logging:
Log output configuration:
 #0: stdout all=warning uptime,level,tags foldmultilines=false
 #1: stderr all=off uptime,level,tags foldmultilines=false

Environment Variables:
PATH=/Users/ziggesommar/opt/anaconda3/bin:/Users/ziggesommar/opt/anaconda3/condabin:/opt/homebrew/bin:/opt/homebrew/sbin:/Library/Frameworks/Python.framework/Versions/3.10/bin:/usr/local/bin:/usr/bin:/bin:/usr/sbin:/sbin:/Library/TeX/texbin:/opt/X11/bin
SHELL=/bin/zsh
DISPLAY=/private/tmp/com.apple.launchd.LPRG3lqvQJ/org.xquartz:0
LC_CTYPE=sv_SE.UTF-8
TMPDIR=/var/folders/vp/3rs44wj10c7dl_d7nfpxrjs80000gn/T/

Active Locale:
LC_ALL=C/sv_SE.UTF-8/C/C/C/C
LC_COLLATE=C
LC_CTYPE=sv_SE.UTF-8
LC_MESSAGES=C
LC_MONETARY=C
LC_NUMERIC=C
LC_TIME=C

Signal Handlers:
   SIGSEGV: crash_handler in libjvm.dylib, mask=11100110000111110111111111111111, flags=SA_ONSTACK|SA_RESTART|SA_SIGINFO, unblocked
    SIGBUS: crash_handler in libjvm.dylib, mask=11100110000111110111111111111111, flags=SA_RESTART|SA_SIGINFO, unblocked
    SIGFPE: crash_handler in libjvm.dylib, mask=11100110000111110111111111111111, flags=SA_RESTART|SA_SIGINFO, unblocked
   SIGPIPE: javaSignalHandler in libjvm.dylib, mask=11100110000111110111111111111111, flags=SA_RESTART|SA_SIGINFO, blocked
   SIGXFSZ: javaSignalHandler in libjvm.dylib, mask=11100110000111110111111111111111, flags=SA_RESTART|SA_SIGINFO, blocked
    SIGILL: crash_handler in libjvm.dylib, mask=11100110000111110111111111111111, flags=SA_RESTART|SA_SIGINFO, unblocked
   SIGUSR2: SR_handler in libjvm.dylib, mask=00100000000000000000000000000000, flags=SA_RESTART|SA_SIGINFO, blocked
    SIGHUP: UserHandler in libjvm.dylib, mask=11100110000111110111111111111111, flags=SA_RESTART|SA_SIGINFO, blocked
    SIGINT: UserHandler in libjvm.dylib, mask=11100110000111110111111111111111, flags=SA_RESTART|SA_SIGINFO, blocked
   SIGTERM: UserHandler in libjvm.dylib, mask=11100110000111110111111111111111, flags=SA_RESTART|SA_SIGINFO, blocked
   SIGQUIT: UserHandler in libjvm.dylib, mask=11100110000111110111111111111111, flags=SA_RESTART|SA_SIGINFO, blocked
   SIGTRAP: crash_handler in libjvm.dylib, mask=11100110000111110111111111111111, flags=SA_RESTART|SA_SIGINFO, unblocked


Periodic native trim disabled

---------------  S Y S T E M  ---------------

OS:
uname: Darwin 21.4.0 Darwin Kernel Version 21.4.0: Mon Feb 21 20:35:58 PST 2022; root:xnu-8020.101.4~2/RELEASE_ARM64_T6000 arm64
OS uptime: 110 days 21:36 hours
rlimit (soft/hard): STACK 8176k/65520k , CORE 0k/infinity , NPROC 2666/4000 , NOFILE 10240/infinity , AS infinity/infinity , CPU infinity/infinity , DATA infinity/infinity , FSIZE infinity/infinity , MEMLOCK infinity/infinity , RSS infinity/infinity
load average: 6.84 5.11 4.72

CPU: total 8 (initial active 8) 0x61:0x0:0x1b588bb3:0, fp, asimd, aes, pmull, sha1, sha256, crc32, lse, sha3, sha512
machdep.cpu.brand_string:Apple M1 Pro
hw.cachelinesize:128
hw.l1icachesize:131072
hw.l1dcachesize:65536
hw.l2cachesize:4194304

Memory: 16k page, physical 16777216k(257808k free), swap 17825792k(1684992k free)

vm_info: OpenJDK 64-Bit Server VM (21.0.2+13-58) for bsd-aarch64 JRE (21.0.2+13-58), built on 2024-01-05T18:32:24Z by "mach5one" with clang Apple LLVM 12.0.0 (clang-1200.0.32.29)

END.
